#
# There is insufficient memory for the Java Runtime Environment to continue.
# Native memory allocation (malloc) failed to allocate 1700848 bytes for Chunk::new
# Possible reasons:
#   The system is out of physical RAM or swap space
#   In 32 bit mode, the process size limit was hit
# Possible solutions:
#   Reduce memory load on the system
#   Increase physical memory or swap space
#   Check if swap backing store is full
#   Use 64 bit Java on a 64 bit OS
#   Decrease Java heap size (-Xmx/-Xms)
#   Decrease number of Java threads
#   Decrease Java thread stack sizes (-Xss)
#   Set larger code cache with -XX:ReservedCodeCacheSize=
# This output file may be truncated or incomplete.
#
#  Out of Memory Error (allocation.cpp:390), pid=18612, tid=0x00000000000045b0
#
# JRE version: Java(TM) SE Runtime Environment (8.0_161-b12) (build 1.8.0_161-b12)
# Java VM: Java HotSpot(TM) 64-Bit Server VM (25.161-b12 mixed mode windows-amd64 compressed oops)
# Failed to write core dump. Minidumps are not enabled by default on client versions of Windows
#

---------------  T H R E A D  ---------------

Current thread (0x0000000017750800):  JavaThread "C2 CompilerThread0" daemon [_thread_in_native, id=17840, stack(0x0000000018da0000,0x0000000018ea0000)]

Stack: [0x0000000018da0000,0x0000000018ea0000]
[error occurred during error reporting (printing stack bounds), id 0xc0000005]

Native frames: (J=compiled Java code, j=interpreted, Vv=VM code, C=native code)


Current CompileTask:
C2:  14984 4947       4       java.net.URLClassLoader$1::run (5 bytes)


---------------  P R O C E S S  ---------------

Java Threads: ( => current thread )
  0x00000000190c8800 JavaThread "Service Thread" daemon [_thread_blocked, id=13656, stack(0x00000000194a0000,0x00000000195a0000)]
  0x000000001775c800 JavaThread "C1 CompilerThread2" daemon [_thread_blocked, id=10520, stack(0x0000000018fa0000,0x00000000190a0000)]
  0x0000000017755000 JavaThread "C2 CompilerThread1" daemon [_thread_in_native, id=18912, stack(0x0000000018ea0000,0x0000000018fa0000)]
=>0x0000000017750800 JavaThread "C2 CompilerThread0" daemon [_thread_in_native, id=17840, stack(0x0000000018da0000,0x0000000018ea0000)]
  0x000000001774f000 JavaThread "Attach Listener" daemon [_thread_blocked, id=19480, stack(0x0000000018ca0000,0x0000000018da0000)]
  0x000000001774d800 JavaThread "Signal Dispatcher" daemon [_thread_blocked, id=9936, stack(0x0000000018ba0000,0x0000000018ca0000)]
  0x000000001773e000 JavaThread "Finalizer" daemon [_thread_blocked, id=20720, stack(0x00000000189a0000,0x0000000018aa0000)]
  0x0000000002ca3000 JavaThread "Reference Handler" daemon [_thread_blocked, id=20288, stack(0x00000000188a0000,0x00000000189a0000)]
  0x0000000002bb2800 JavaThread "main" [_thread_in_native, id=10276, stack(0x0000000002a30000,0x0000000002b30000)]

Other Threads:
  0x0000000017717000 VMThread [stack: 0x00000000187a0000,0x00000000188a0000] [id=9024]
  0x00000000190dd000 WatcherThread [stack: 0x00000000195a0000,0x00000000196a0000] [id=12352]

VM state:not at safepoint (normal execution)

VM Mutex/Monitor currently owned by a thread: None

Heap:
 PSYoungGen      total 197632K, used 118201K [0x00000000d6300000, 0x00000000e8800000, 0x0000000100000000)
  eden space 178176K, 55% used [0x00000000d6300000,0x00000000dc376220,0x00000000e1100000)
  from space 19456K, 99% used [0x00000000e7500000,0x00000000e87f8538,0x00000000e8800000)
  to   space 23552K, 0% used [0x00000000e5a00000,0x00000000e5a00000,0x00000000e7100000)
 ParOldGen       total 91136K, used 32284K [0x0000000082800000, 0x0000000088100000, 0x00000000d6300000)
  object space 91136K, 35% used [0x0000000082800000,0x00000000847870d0,0x0000000088100000)
 Metaspace       used 25585K, capacity 26172K, committed 26368K, reserved 1073152K
  class space    used 3020K, capacity 3226K, committed 3328K, reserved 1048576K

Card table byte_map: [0x0000000012070000,0x0000000012460000] byte_map_base: 0x0000000011c5c000

Marking Bits: (ParMarkBitMap*) 0x000000006f8ff860
 Begin Bits: [0x0000000012b00000, 0x0000000014a60000)
 End Bits:   [0x0000000014a60000, 0x00000000169c0000)

Polling page: 0x0000000001180000

CodeCache: size=245760Kb used=16398Kb max_used=16398Kb free=229361Kb
 bounds [0x0000000002cb0000, 0x0000000003cc0000, 0x0000000011cb0000]
 total_blobs=4954 nmethods=4547 adapters=319
 compilation: enabled

Compilation events (10 events):
Event: 14.543 Thread 0x000000001775c800 5126       3       java.net.URI$Parser::parseHierarchical (180 bytes)
Event: 14.545 Thread 0x000000001775c800 nmethod 5126 0x0000000003cb9b50 code [0x0000000003cb9e80, 0x0000000003cbb6c8]
Event: 14.545 Thread 0x000000001775c800 5127       3       java.net.URI::access$1300 (4 bytes)
Event: 14.545 Thread 0x000000001775c800 nmethod 5127 0x0000000003cbc450 code [0x0000000003cbc5a0, 0x0000000003cbc6d0]
Event: 14.545 Thread 0x000000001775c800 5128       3       java.net.URI::access$1402 (7 bytes)
Event: 14.545 Thread 0x000000001775c800 nmethod 5128 0x0000000003cbc750 code [0x0000000003cbc8a0, 0x0000000003cbc9f0]
Event: 14.777 Thread 0x000000001775c800 5130   !   3       java.util.jar.JarFile::getBytes (96 bytes)
Event: 14.777 Thread 0x000000001775c800 nmethod 5130 0x0000000003cbca90 code [0x0000000003cbcc80, 0x0000000003cbd3e8]
Event: 14.899 Thread 0x000000001775c800 5131       3       sun.misc.URLClassPath$JarLoader::getClassPath (86 bytes)
Event: 14.900 Thread 0x000000001775c800 nmethod 5131 0x0000000003cbd750 code [0x0000000003cbd980, 0x0000000003cbe4a8]

GC Heap History (10 events):
Event: 3.292 GC heap before
{Heap before GC invocations=5 (full 0):
 PSYoungGen      total 70656K, used 70640K [0x00000000d6300000, 0x00000000dad00000, 0x0000000100000000)
  eden space 65536K, 100% used [0x00000000d6300000,0x00000000da300000,0x00000000da300000)
  from space 5120K, 99% used [0x00000000da800000,0x00000000dacfc030,0x00000000dad00000)
  to   space 5120K, 0% used [0x00000000da300000,0x00000000da300000,0x00000000da800000)
 ParOldGen       total 86016K, used 9514K [0x0000000082800000, 0x0000000087c00000, 0x00000000d6300000)
  object space 86016K, 11% used [0x0000000082800000,0x000000008314a9b0,0x0000000087c00000)
 Metaspace       used 15598K, capacity 15808K, committed 16128K, reserved 1062912K
  class space    used 1869K, capacity 1944K, committed 2048K, reserved 1048576K
Event: 3.312 GC heap after
Heap after GC invocations=5 (full 0):
 PSYoungGen      total 70656K, used 5104K [0x00000000d6300000, 0x00000000e0000000, 0x0000000100000000)
  eden space 65536K, 0% used [0x00000000d6300000,0x00000000d6300000,0x00000000da300000)
  from space 5120K, 99% used [0x00000000da300000,0x00000000da7fc010,0x00000000da800000)
  to   space 14848K, 0% used [0x00000000df180000,0x00000000df180000,0x00000000e0000000)
 ParOldGen       total 86016K, used 18684K [0x0000000082800000, 0x0000000087c00000, 0x00000000d6300000)
  object space 86016K, 21% used [0x0000000082800000,0x0000000083a3f0d8,0x0000000087c00000)
 Metaspace       used 15598K, capacity 15808K, committed 16128K, reserved 1062912K
  class space    used 1869K, capacity 1944K, committed 2048K, reserved 1048576K
}
Event: 4.681 GC heap before
{Heap before GC invocations=6 (full 0):
 PSYoungGen      total 70656K, used 70640K [0x00000000d6300000, 0x00000000e0000000, 0x0000000100000000)
  eden space 65536K, 100% used [0x00000000d6300000,0x00000000da300000,0x00000000da300000)
  from space 5120K, 99% used [0x00000000da300000,0x00000000da7fc010,0x00000000da800000)
  to   space 14848K, 0% used [0x00000000df180000,0x00000000df180000,0x00000000e0000000)
 ParOldGen       total 86016K, used 18684K [0x0000000082800000, 0x0000000087c00000, 0x00000000d6300000)
  object space 86016K, 21% used [0x0000000082800000,0x0000000083a3f0d8,0x0000000087c00000)
 Metaspace       used 15951K, capacity 16152K, committed 16384K, reserved 1062912K
  class space    used 1874K, capacity 1948K, committed 2048K, reserved 1048576K
Event: 4.697 GC heap after
Heap after GC invocations=6 (full 0):
 PSYoungGen      total 145408K, used 11568K [0x00000000d6300000, 0x00000000e0100000, 0x0000000100000000)
  eden space 130560K, 0% used [0x00000000d6300000,0x00000000d6300000,0x00000000de280000)
  from space 14848K, 77% used [0x00000000df180000,0x00000000dfccc030,0x00000000e0000000)
  to   space 15360K, 0% used [0x00000000de280000,0x00000000de280000,0x00000000df180000)
 ParOldGen       total 86016K, used 18692K [0x0000000082800000, 0x0000000087c00000, 0x00000000d6300000)
  object space 86016K, 21% used [0x0000000082800000,0x0000000083a410d8,0x0000000087c00000)
 Metaspace       used 15951K, capacity 16152K, committed 16384K, reserved 1062912K
  class space    used 1874K, capacity 1948K, committed 2048K, reserved 1048576K
}
Event: 7.377 GC heap before
{Heap before GC invocations=7 (full 0):
 PSYoungGen      total 145408K, used 102125K [0x00000000d6300000, 0x00000000e0100000, 0x0000000100000000)
  eden space 130560K, 69% used [0x00000000d6300000,0x00000000dbb6f600,0x00000000de280000)
  from space 14848K, 77% used [0x00000000df180000,0x00000000dfccc030,0x00000000e0000000)
  to   space 15360K, 0% used [0x00000000de280000,0x00000000de280000,0x00000000df180000)
 ParOldGen       total 86016K, used 18692K [0x0000000082800000, 0x0000000087c00000, 0x00000000d6300000)
  object space 86016K, 21% used [0x0000000082800000,0x0000000083a410d8,0x0000000087c00000)
 Metaspace       used 20635K, capacity 21078K, committed 21296K, reserved 1069056K
  class space    used 2467K, capacity 2613K, committed 2688K, reserved 1048576K
Event: 7.422 GC heap after
Heap after GC invocations=7 (full 0):
 PSYoungGen      total 145920K, used 15336K [0x00000000d6300000, 0x00000000e8800000, 0x0000000100000000)
  eden space 130560K, 0% used [0x00000000d6300000,0x00000000d6300000,0x00000000de280000)
  from space 15360K, 99% used [0x00000000de280000,0x00000000df17a200,0x00000000df180000)
  to   space 19456K, 0% used [0x00000000e7500000,0x00000000e7500000,0x00000000e8800000)
 ParOldGen       total 86016K, used 22086K [0x0000000082800000, 0x0000000087c00000, 0x00000000d6300000)
  object space 86016K, 25% used [0x0000000082800000,0x0000000083d91900,0x0000000087c00000)
 Metaspace       used 20635K, capacity 21078K, committed 21296K, reserved 1069056K
  class space    used 2467K, capacity 2613K, committed 2688K, reserved 1048576K
}
Event: 7.422 GC heap before
{Heap before GC invocations=8 (full 1):
 PSYoungGen      total 145920K, used 15336K [0x00000000d6300000, 0x00000000e8800000, 0x0000000100000000)
  eden space 130560K, 0% used [0x00000000d6300000,0x00000000d6300000,0x00000000de280000)
  from space 15360K, 99% used [0x00000000de280000,0x00000000df17a200,0x00000000df180000)
  to   space 19456K, 0% used [0x00000000e7500000,0x00000000e7500000,0x00000000e8800000)
 ParOldGen       total 86016K, used 22086K [0x0000000082800000, 0x0000000087c00000, 0x00000000d6300000)
  object space 86016K, 25% used [0x0000000082800000,0x0000000083d91900,0x0000000087c00000)
 Metaspace       used 20635K, capacity 21078K, committed 21296K, reserved 1069056K
  class space    used 2467K, capacity 2613K, committed 2688K, reserved 1048576K
Event: 7.624 GC heap after
Heap after GC invocations=8 (full 1):
 PSYoungGen      total 145920K, used 0K [0x00000000d6300000, 0x00000000e8800000, 0x0000000100000000)
  eden space 130560K, 0% used [0x00000000d6300000,0x00000000d6300000,0x00000000de280000)
  from space 15360K, 0% used [0x00000000de280000,0x00000000de280000,0x00000000df180000)
  to   space 19456K, 0% used [0x00000000e7500000,0x00000000e7500000,0x00000000e8800000)
 ParOldGen       total 91136K, used 29643K [0x0000000082800000, 0x0000000088100000, 0x00000000d6300000)
  object space 91136K, 32% used [0x0000000082800000,0x00000000844f2dd8,0x0000000088100000)
 Metaspace       used 20635K, capacity 21078K, committed 21296K, reserved 1069056K
  class space    used 2467K, capacity 2613K, committed 2688K, reserved 1048576K
}
Event: 10.903 GC heap before
{Heap before GC invocations=9 (full 1):
 PSYoungGen      total 145920K, used 130544K [0x00000000d6300000, 0x00000000e8800000, 0x0000000100000000)
  eden space 130560K, 99% used [0x00000000d6300000,0x00000000de27c040,0x00000000de280000)
  from space 15360K, 0% used [0x00000000de280000,0x00000000de280000,0x00000000df180000)
  to   space 19456K, 0% used [0x00000000e7500000,0x00000000e7500000,0x00000000e8800000)
 ParOldGen       total 91136K, used 29643K [0x0000000082800000, 0x0000000088100000, 0x00000000d6300000)
  object space 91136K, 32% used [0x0000000082800000,0x00000000844f2dd8,0x0000000088100000)
 Metaspace       used 22981K, capacity 23510K, committed 23680K, reserved 1071104K
  class space    used 2703K, capacity 2869K, committed 2944K, reserved 1048576K
Event: 10.931 GC heap after
Heap after GC invocations=9 (full 1):
 PSYoungGen      total 197632K, used 19425K [0x00000000d6300000, 0x00000000e8800000, 0x0000000100000000)
  eden space 178176K, 0% used [0x00000000d6300000,0x00000000d6300000,0x00000000e1100000)
  from space 19456K, 99% used [0x00000000e7500000,0x00000000e87f8538,0x00000000e8800000)
  to   space 23552K, 0% used [0x00000000e5a00000,0x00000000e5a00000,0x00000000e7100000)
 ParOldGen       total 91136K, used 32284K [0x0000000082800000, 0x0000000088100000, 0x00000000d6300000)
  object space 91136K, 35% used [0x0000000082800000,0x00000000847870d0,0x0000000088100000)
 Metaspace       used 22981K, capacity 23510K, committed 23680K, reserved 1071104K
  class space    used 2703K, capacity 2869K, committed 2944K, reserved 1048576K
}

Deoptimization events (10 events):
Event: 12.238 Thread 0x0000000002bb2800 Uncommon trap: reason=array_check action=maybe_recompile pc=0x0000000003832f24 method=java.util.ComparableTimSort.mergeHi(IIII)V @ 101
Event: 12.298 Thread 0x0000000002bb2800 Uncommon trap: reason=predicate action=maybe_recompile pc=0x0000000003a521a0 method=java.util.ComparableTimSort.mergeHi(IIII)V @ 185
Event: 12.510 Thread 0x0000000002bb2800 Uncommon trap: reason=array_check action=maybe_recompile pc=0x0000000003a6bda4 method=java.util.ComparableTimSort.mergeHi(IIII)V @ 245
Event: 12.521 Thread 0x0000000002bb2800 Uncommon trap: reason=array_check action=maybe_recompile pc=0x0000000003a6bda4 method=java.util.ComparableTimSort.mergeHi(IIII)V @ 245
Event: 13.207 Thread 0x0000000002bb2800 Uncommon trap: reason=class_check action=maybe_recompile pc=0x0000000003b2f8e4 method=com.sun.tools.javac.code.Type.isCompound()Z @ 14
Event: 13.209 Thread 0x0000000002bb2800 Uncommon trap: reason=class_check action=maybe_recompile pc=0x0000000003b2f8e4 method=com.sun.tools.javac.code.Type.isCompound()Z @ 14
Event: 13.750 Thread 0x0000000002bb2800 Uncommon trap: reason=unstable_if action=reinterpret pc=0x00000000039c007c method=java.lang.String.regionMatches(ZILjava/lang/String;II)Z @ 25
Event: 13.977 Thread 0x0000000002bb2800 Uncommon trap: reason=unstable_if action=reinterpret pc=0x0000000003861710 method=org.eclipse.aether.util.graph.transformer.ConflictResolver$State.deriveOptional(Lorg/eclipse/aether/graph/DependencyNode;Ljava/lang/Object;)Z @ 23
Event: 14.153 Thread 0x0000000002bb2800 Uncommon trap: reason=class_check action=maybe_recompile pc=0x0000000003616658 method=org.eclipse.sisu.wire.EntryListAdapter$ValueIterator.hasNext()Z @ 4
Event: 14.451 Thread 0x0000000002bb2800 Uncommon trap: reason=unstable_if action=reinterpret pc=0x0000000003bb9778 method=java.util.ArrayList.toArray([Ljava/lang/Object;)[Ljava/lang/Object; @ 48

Classes redefined (0 events):
No events

Internal exceptions (10 events):
Event: 14.329 Thread 0x0000000002bb2800 Exception <a 'java/lang/NoClassDefFoundError': org/sonatype/aether/installation/InstallationException> (0x00000000db54ead8) thrown at [C:\re\workspace\8-2-build-windows-amd64-cygwin\jdk8u161\10277\hotspot\src\share\vm\classfile\systemDictionary.cpp, line 
Event: 14.344 Thread 0x0000000002bb2800 Exception <a 'java/lang/NoClassDefFoundError': org/sonatype/aether/deployment/DeploymentException> (0x00000000db6c2dd8) thrown at [C:\re\workspace\8-2-build-windows-amd64-cygwin\jdk8u161\10277\hotspot\src\share\vm\classfile\systemDictionary.cpp, line 199]
Event: 14.346 Thread 0x0000000002bb2800 Exception <a 'java/lang/NoClassDefFoundError': org/sonatype/aether/artifact/Artifact> (0x00000000db701e38) thrown at [C:\re\workspace\8-2-build-windows-amd64-cygwin\jdk8u161\10277\hotspot\src\share\vm\classfile\systemDictionary.cpp, line 199]
Event: 14.348 Thread 0x0000000002bb2800 Exception <a 'java/lang/NoClassDefFoundError': org/sonatype/aether/resolution/ArtifactDescriptorException> (0x00000000db754290) thrown at [C:\re\workspace\8-2-build-windows-amd64-cygwin\jdk8u161\10277\hotspot\src\share\vm\classfile\systemDictionary.cpp, l
Event: 14.362 Thread 0x0000000002bb2800 Exception <a 'java/lang/NoClassDefFoundError': org/sonatype/aether/graph/Dependency> (0x00000000db88dbc0) thrown at [C:\re\workspace\8-2-build-windows-amd64-cygwin\jdk8u161\10277\hotspot\src\share\vm\classfile\systemDictionary.cpp, line 199]
Event: 14.365 Thread 0x0000000002bb2800 Exception <a 'java/lang/NoClassDefFoundError': org/sonatype/aether/artifact/Artifact> (0x00000000db8c2e40) thrown at [C:\re\workspace\8-2-build-windows-amd64-cygwin\jdk8u161\10277\hotspot\src\share\vm\classfile\systemDictionary.cpp, line 199]
Event: 14.369 Thread 0x0000000002bb2800 Exception <a 'java/lang/NoClassDefFoundError': org/sonatype/aether/artifact/ArtifactType> (0x00000000db90e908) thrown at [C:\re\workspace\8-2-build-windows-amd64-cygwin\jdk8u161\10277\hotspot\src\share\vm\classfile\systemDictionary.cpp, line 199]
Event: 14.450 Thread 0x0000000002bb2800 Exception <a 'java/lang/NoSuchFieldError': method resolution failed> (0x00000000dbbda950) thrown at [C:\re\workspace\8-2-build-windows-amd64-cygwin\jdk8u161\10277\hotspot\src\share\vm\prims\methodHandles.cpp, line 1167]
Event: 14.453 Thread 0x0000000002bb2800 Exception <a 'java/lang/NoSuchFieldError': method resolution failed> (0x00000000dbbe8010) thrown at [C:\re\workspace\8-2-build-windows-amd64-cygwin\jdk8u161\10277\hotspot\src\share\vm\prims\methodHandles.cpp, line 1167]
Event: 14.481 Thread 0x0000000002bb2800 Exception <a 'java/lang/NoSuchMethodError': java.lang.Object.lambda$comparing$77a9974f$1(Ljava/util/function/Function;Ljava/lang/Object;Ljava/lang/Object;)I> (0x00000000dbc764f0) thrown at [C:\re\workspace\8-2-build-windows-amd64-cygwin\jdk8u161\10277\hot

Events (10 events):
Event: 14.528 loading class org/apache/maven/shared/artifact/filter/collection/AbstractArtifactsFilter
Event: 14.528 loading class org/apache/maven/shared/artifact/filter/collection/AbstractArtifactsFilter done
Event: 14.529 loading class org/apache/maven/shared/utils/StringUtils
Event: 14.529 loading class org/apache/maven/shared/utils/StringUtils done
Event: 14.529 loading class org/apache/maven/shared/utils/StringUtils
Event: 14.529 loading class org/apache/maven/shared/utils/StringUtils done
Event: 14.533 loading class org/springframework/boot/maven/MatchingGroupIdFilter
Event: 14.533 loading class org/springframework/boot/maven/MatchingGroupIdFilter done
Event: 14.533 loading class org/springframework/boot/maven/MatchingGroupIdFilter
Event: 14.533 loading class org/springframework/boot/maven/MatchingGroupIdFilter done


Dynamic libraries:
0x00007ff6f1a60000 - 0x00007ff6f1a97000 	C:\Program Files\Java\jdk1.8.0_161\bin\java.exe
0x00007ffbd8140000 - 0x00007ffbd832d000 	C:\WINDOWS\SYSTEM32\ntdll.dll
0x00007ffbd5cd0000 - 0x00007ffbd5d83000 	C:\WINDOWS\System32\KERNEL32.DLL
0x00007ffbd4290000 - 0x00007ffbd4523000 	C:\WINDOWS\System32\KERNELBASE.dll
0x0000000072310000 - 0x00000000723a2000 	C:\WINDOWS\System32\SYSFER.DLL
0x00007ffbd7f40000 - 0x00007ffbd7fe3000 	C:\WINDOWS\System32\ADVAPI32.dll
0x00007ffbd5420000 - 0x00007ffbd54be000 	C:\WINDOWS\System32\msvcrt.dll
0x00007ffbd60f0000 - 0x00007ffbd618e000 	C:\WINDOWS\System32\sechost.dll
0x00007ffbd59f0000 - 0x00007ffbd5b12000 	C:\WINDOWS\System32\RPCRT4.dll
0x00007ffbd7b70000 - 0x00007ffbd7d07000 	C:\WINDOWS\System32\USER32.dll
0x00007ffbd4830000 - 0x00007ffbd4850000 	C:\WINDOWS\System32\win32u.dll
0x00007ffbd5d90000 - 0x00007ffbd5db9000 	C:\WINDOWS\System32\GDI32.dll
0x00007ffbd4690000 - 0x00007ffbd482a000 	C:\WINDOWS\System32\gdi32full.dll
0x00007ffbd5280000 - 0x00007ffbd5320000 	C:\WINDOWS\System32\msvcp_win.dll
0x00007ffbd4530000 - 0x00007ffbd462a000 	C:\WINDOWS\System32\ucrtbase.dll
0x00007ffbc8d10000 - 0x00007ffbc8f89000 	C:\WINDOWS\WinSxS\amd64_microsoft.windows.common-controls_6595b64144ccf1df_6.0.17763.437_none_05b63dca071e5dd6\COMCTL32.dll
0x00007ffbd76e0000 - 0x00007ffbd7a0c000 	C:\WINDOWS\System32\combase.dll
0x00007ffbd4210000 - 0x00007ffbd428e000 	C:\WINDOWS\System32\bcryptPrimitives.dll
0x00007ffbd6190000 - 0x00007ffbd61be000 	C:\WINDOWS\System32\IMM32.DLL
0x0000000070540000 - 0x0000000070612000 	C:\Program Files\Java\jdk1.8.0_161\jre\bin\msvcr100.dll
0x000000006f0e0000 - 0x000000006f97f000 	C:\Program Files\Java\jdk1.8.0_161\jre\bin\server\jvm.dll
0x00007ffbd5dc0000 - 0x00007ffbd5dc8000 	C:\WINDOWS\System32\PSAPI.DLL
0x00007ffbb6130000 - 0x00007ffbb6139000 	C:\WINDOWS\SYSTEM32\WSOCK32.dll
0x00007ffbd7ed0000 - 0x00007ffbd7f3d000 	C:\WINDOWS\System32\WS2_32.dll
0x00007ffbd0210000 - 0x00007ffbd0234000 	C:\WINDOWS\SYSTEM32\WINMM.dll
0x00007ffbd3080000 - 0x00007ffbd308a000 	C:\WINDOWS\SYSTEM32\VERSION.dll
0x00007ffbd01e0000 - 0x00007ffbd020d000 	C:\WINDOWS\SYSTEM32\WINMMBASE.dll
0x00007ffbd5320000 - 0x00007ffbd536a000 	C:\WINDOWS\System32\cfgmgr32.dll
0x0000000071de0000 - 0x0000000071def000 	C:\Program Files\Java\jdk1.8.0_161\jre\bin\verify.dll
0x0000000071db0000 - 0x0000000071dd9000 	C:\Program Files\Java\jdk1.8.0_161\jre\bin\java.dll
0x0000000071d90000 - 0x0000000071da6000 	C:\Program Files\Java\jdk1.8.0_161\jre\bin\zip.dll
0x00007ffbd61c0000 - 0x00007ffbd76b0000 	C:\WINDOWS\System32\SHELL32.dll
0x00007ffbd5940000 - 0x00007ffbd59e8000 	C:\WINDOWS\System32\shcore.dll
0x00007ffbd4a80000 - 0x00007ffbd51ca000 	C:\WINDOWS\System32\windows.storage.dll
0x00007ffbd41e0000 - 0x00007ffbd4204000 	C:\WINDOWS\System32\profapi.dll
0x00007ffbd4180000 - 0x00007ffbd41dd000 	C:\WINDOWS\System32\powrprof.dll
0x00007ffbd8050000 - 0x00007ffbd80a2000 	C:\WINDOWS\System32\shlwapi.dll
0x00007ffbd4160000 - 0x00007ffbd4171000 	C:\WINDOWS\System32\kernel.appcore.dll
0x00007ffbd4850000 - 0x00007ffbd4867000 	C:\WINDOWS\System32\cryptsp.dll
0x00007ffbcfb80000 - 0x00007ffbcfb8a000 	C:\Software\apache-maven-3.5.2\lib\jansi-native\windows64\jansi.dll
0x0000000070cc0000 - 0x0000000070cda000 	C:\Program Files\Java\jdk1.8.0_161\jre\bin\net.dll
0x00007ffbb1320000 - 0x00007ffbb1426000 	C:\Program Files\Open Text\SOCKS Client\HumSOCKS.dll
0x00007ffbd7a10000 - 0x00007ffbd7b65000 	C:\WINDOWS\System32\ole32.dll
0x00007ffbd7d70000 - 0x00007ffbd7e34000 	C:\WINDOWS\System32\OLEAUT32.dll
0x00007ffbb1300000 - 0x00007ffbb1311000 	C:\WINDOWS\SYSTEM32\credui.dll
0x00007ffbba060000 - 0x00007ffbba077000 	C:\WINDOWS\SYSTEM32\NETAPI32.dll
0x00007ffbbb830000 - 0x00007ffbbb8b9000 	C:\WINDOWS\SYSTEM32\WINSPOOL.DRV
0x00007ffbd4a50000 - 0x00007ffbd4a76000 	C:\WINDOWS\System32\bcrypt.dll
0x00007ffbceee0000 - 0x00007ffbcf088000 	C:\WINDOWS\SYSTEM32\PROPSYS.dll
0x00007ffbd3680000 - 0x00007ffbd36bd000 	C:\WINDOWS\SYSTEM32\IPHLPAPI.DLL
0x00007ffbccee0000 - 0x00007ffbccf1f000 	C:\WINDOWS\SYSTEM32\LOGONCLI.DLL
0x00007ffbd36c0000 - 0x00007ffbd36ce000 	C:\WINDOWS\SYSTEM32\NETUTILS.DLL
0x00007ffbd3910000 - 0x00007ffbd3977000 	C:\WINDOWS\system32\mswsock.dll
0x0000000070ca0000 - 0x0000000070cb1000 	C:\Program Files\Java\jdk1.8.0_161\jre\bin\nio.dll

VM Arguments:
jvm_args: -Dclassworlds.conf=C:\Software\apache-maven-3.5.2\bin\..\bin\m2.conf -Dmaven.home=C:\Software\apache-maven-3.5.2\bin\.. -Dlibrary.jansi.path=C:\Software\apache-maven-3.5.2\bin\..\lib\jansi-native -Dmaven.multiModuleProjectDirectory=C:\JavaCode\stackrouteassignement\bhbothra-cplayer-java-boilerplate\userservice 
java_command: org.codehaus.plexus.classworlds.launcher.Launcher spring-boot:run
java_class_path (initial): C:\Software\apache-maven-3.5.2\bin\..\boot\plexus-classworlds-2.5.2.jar
Launcher Type: SUN_STANDARD

Environment Variables:
JAVA_HOME=C:\Program Files\Java\jdk1.8.0_161
JRE_HOME=C:\Program Files\Java\jdk1.8.0_161
CLASSPATH=C:\Program Files\Java\jdk1.8.0_144\bin;C:\Software\apache-maven-3.5.2\bin;C:\Software\gradle-4.3\bin;C:\Software\apache-ant-1.10.1\bin;
PATH=C:\ProgramData\DockerDesktop\version-bin;C:\Program Files\Docker\Docker\Resources\bin;C:\Program Files\Docker\Docker\resources\bin;C:\app\BhupeshBothra\product\12.1.0\client_2;C:\app\BhupeshBothra\product\12.1.0\client_1;C:\ProgramData\Oracle\Java\javapath;C:\Program Files (x86)\Intel\iCLS Client\;C:\Program Files\Intel\iCLS Client\;C:\WINDOWS\system32;C:\WINDOWS;C:\WINDOWS\System32\Wbem;C:\WINDOWS\System32\WindowsPowerShell\v1.0\;C:\Program Files (x86)\Intel\Intel(R) Management Engine Components\DAL;C:\Program Files\Intel\Intel(R) Management Engine Components\DAL;C:\Program Files (x86)\Intel\Intel(R) Management Engine Components\IPT;C:\Program Files\Intel\Intel(R) Management Engine Components\IPT;C:\Program Files (x86)\PDFtk\bin\;C:\Program Files\Java\jdk1.8.0_144\bin;C:\Software\apache-maven-3.5.2\bin;C:\Software\gradle-4.3\bin;C:\Program Files\Git\cmd;C:\Software\apache-ant-1.10.1\bin;C:\PostgreSQL\pg10\bin;C:\Program Files (x86)\Sennheiser\SoftphoneSDK\;C:\Program Files\Microsoft VS Code\bin;C:\WINDOWS\System32\OpenSSH\;C:\Program Files (x86)\Yarn\bin\;C:\Program Files\Intel\WiFi\bin\;C:\Program Files\Common Files\Intel\WirelessCommon\;C:\Program Files\nodejs\;C:\Program Files\IBM\Cloud\bin;;C:\Program Files\Cloud Foundry;C:\Program Files\Java\jdk1.8.0_144\bin;C:\Software\apache-ant-1.10.1\bin;C:\Users\BhupeshBothra\AppData\Local\Microsoft\WindowsApps;C:\Users\BhupeshBothra\AppData\Local\Programs\Fiddler;C:\Go\bin;C:\Program Files\MongoDB\Server\3.6\bin;C:\Software\apache-activemq-5.15.3-bin\apache-activemq-5.15.3\bin\win64;C:\Program Files\Intel\WiFi\bin\;C:\Program Files\Common Files\Intel\WirelessCommon\;C:\Users\BhupeshBothra\AppData\Local\Yarn\bin;C:\Software\apache-maven-3.5.2\bin;C:\Users\BhupeshBothra\AppData\Roaming\npm;C:\Program Files\Docker\Docker\resources\bin;
USERNAME=03779D744
OS=Windows_NT
PROCESSOR_IDENTIFIER=Intel64 Family 6 Model 142 Stepping 9, GenuineIntel



---------------  S Y S T E M  ---------------

OS: Windows 10.0 , 64 bit Build 17763 (10.0.17763.437)

CPU:total 4 (initial active 4) (2 cores per cpu, 2 threads per core) family 6 model 142 stepping 9, cmov, cx8, fxsr, mmx, sse, sse2, sse3, ssse3, sse4.1, sse4.2, popcnt, avx, avx2, aes, clmul, erms, rtm, 3dnowpref, lzcnt, ht, tsc, tscinvbit, bmi1, bmi2, adx

Memory: 4k page, physical 8223716k(985340k free), swap 10168292k(5132k free)

vm_info: Java HotSpot(TM) 64-Bit Server VM (25.161-b12) for windows-amd64 JRE (1.8.0_161-b12), built on Dec 19 2017 17:52:25 by "java_re" with MS VC++ 10.0 (VS2010)

time: Wed May 15 14:28:36 2019
elapsed time: 14 seconds (0d 0h 0m 14s)

