#
# There is insufficient memory for the Java Runtime Environment to continue.
# Native memory allocation (malloc) failed to allocate 572016 bytes for Chunk::new
# Possible reasons:
#   The system is out of physical RAM or swap space
#   In 32 bit mode, the process size limit was hit
# Possible solutions:
#   Reduce memory load on the system
#   Increase physical memory or swap space
#   Check if swap backing store is full
#   Use 64 bit Java on a 64 bit OS
#   Decrease Java heap size (-Xmx/-Xms)
#   Decrease number of Java threads
#   Decrease Java thread stack sizes (-Xss)
#   Set larger code cache with -XX:ReservedCodeCacheSize=
# This output file may be truncated or incomplete.
#
#  Out of Memory Error (allocation.cpp:390), pid=2388, tid=0x0000000000001e20
#
# JRE version: Java(TM) SE Runtime Environment (8.0_161-b12) (build 1.8.0_161-b12)
# Java VM: Java HotSpot(TM) 64-Bit Server VM (25.161-b12 mixed mode windows-amd64 compressed oops)
# Failed to write core dump. Minidumps are not enabled by default on client versions of Windows
#

---------------  T H R E A D  ---------------

Current thread (0x0000000017645800):  JavaThread "C2 CompilerThread0" daemon [_thread_in_native, id=7712, stack(0x0000000018cc0000,0x0000000018dc0000)]

Stack: [0x0000000018cc0000,0x0000000018dc0000]
[error occurred during error reporting (printing stack bounds), id 0xc0000005]

Native frames: (J=compiled Java code, j=interpreted, Vv=VM code, C=native code)


Current CompileTask:
C2:   2385 1297       4       java.io.WinNTFileSystem::normalize (143 bytes)


---------------  P R O C E S S  ---------------

Java Threads: ( => current thread )
  0x000000001a329800 JavaThread "Thread-1" [_thread_in_vm, id=18356, stack(0x000000001c410000,0x000000001c510000)]
  0x00000000197ad800 JavaThread "background-preinit" [_thread_in_Java, id=15988, stack(0x0000000019f00000,0x000000001a000000)]
  0x0000000018ff9000 JavaThread "Service Thread" daemon [_thread_blocked, id=17720, stack(0x00000000193c0000,0x00000000194c0000)]
  0x000000001765a800 JavaThread "C1 CompilerThread2" daemon [_thread_blocked, id=4712, stack(0x0000000018ec0000,0x0000000018fc0000)]
  0x000000001764f800 JavaThread "C2 CompilerThread1" daemon [_thread_in_native, id=3696, stack(0x0000000018dc0000,0x0000000018ec0000)]
=>0x0000000017645800 JavaThread "C2 CompilerThread0" daemon [_thread_in_native, id=7712, stack(0x0000000018cc0000,0x0000000018dc0000)]
  0x0000000017644000 JavaThread "Attach Listener" daemon [_thread_blocked, id=16368, stack(0x0000000018bc0000,0x0000000018cc0000)]
  0x0000000017643000 JavaThread "Signal Dispatcher" daemon [_thread_blocked, id=13172, stack(0x0000000018ac0000,0x0000000018bc0000)]
  0x0000000017630000 JavaThread "Finalizer" daemon [_thread_blocked, id=11864, stack(0x00000000188c0000,0x00000000189c0000)]
  0x0000000017609000 JavaThread "Reference Handler" daemon [_thread_blocked, id=20820, stack(0x00000000187c0000,0x00000000188c0000)]
  0x0000000002aa6000 JavaThread "main" [_thread_in_Java, id=8564, stack(0x00000000029a0000,0x0000000002aa0000)]

Other Threads:
  0x0000000017607800 VMThread [stack: 0x00000000186c0000,0x00000000187c0000] [id=7796]
  0x0000000018ffa000 WatcherThread [stack: 0x00000000194c0000,0x00000000195c0000] [id=18616]

VM state:not at safepoint (normal execution)

VM Mutex/Monitor currently owned by a thread: None

Heap:
 PSYoungGen      total 37888K, used 16857K [0x00000000d6300000, 0x00000000d8d00000, 0x0000000100000000)
  eden space 32768K, 35% used [0x00000000d6300000,0x00000000d6e79348,0x00000000d8300000)
  from space 5120K, 99% used [0x00000000d8300000,0x00000000d87fd3a0,0x00000000d8800000)
  to   space 5120K, 0% used [0x00000000d8800000,0x00000000d8800000,0x00000000d8d00000)
 ParOldGen       total 86016K, used 2461K [0x0000000082800000, 0x0000000087c00000, 0x00000000d6300000)
  object space 86016K, 2% used [0x0000000082800000,0x0000000082a674e0,0x0000000087c00000)
 Metaspace       used 19348K, capacity 19846K, committed 20096K, reserved 1067008K
  class space    used 2477K, capacity 2622K, committed 2688K, reserved 1048576K

Card table byte_map: [0x0000000011f60000,0x0000000012350000] byte_map_base: 0x0000000011b4c000

Marking Bits: (ParMarkBitMap*) 0x000000006448f860
 Begin Bits: [0x00000000129f0000, 0x0000000014950000)
 End Bits:   [0x0000000014950000, 0x00000000168b0000)

Polling page: 0x0000000000c10000

CodeCache: size=245760Kb used=4351Kb max_used=4362Kb free=241408Kb
 bounds [0x0000000002ba0000, 0x0000000002ff0000, 0x0000000011ba0000]
 total_blobs=1680 nmethods=1322 adapters=271
 compilation: enabled

Compilation events (10 events):
Event: 2.368 Thread 0x000000001765a800 1323       3       java.util.jar.Attributes::putValue (17 bytes)
Event: 2.368 Thread 0x000000001765a800 nmethod 1323 0x0000000002fe0850 code [0x0000000002fe09e0, 0x0000000002fe0dd8]
Event: 2.368 Thread 0x000000001765a800 1324       3       java.util.jar.Attributes::put (18 bytes)
Event: 2.368 Thread 0x000000001765a800 nmethod 1324 0x0000000002fe01d0 code [0x0000000002fe0340, 0x0000000002fe0728]
Event: 2.370 Thread 0x000000001764f800 nmethod 1306% 0x0000000002fe4410 code [0x0000000002fe45c0, 0x0000000002fe4ef0]
Event: 2.370 Thread 0x000000001764f800 1313 %     4       java.util.Properties::load0 @ 30 (250 bytes)
Event: 2.372 Thread 0x000000001765a800 1325       3       java.util.jar.Manifest::getAttributes (14 bytes)
Event: 2.372 Thread 0x000000001765a800 nmethod 1325 0x0000000002fd6cd0 code [0x0000000002fd6e40, 0x0000000002fd7168]
Event: 2.383 Thread 0x000000001765a800 1326       3       java.lang.Package::<init> (56 bytes)
Event: 2.383 Thread 0x000000001765a800 nmethod 1326 0x0000000002fdfd50 code [0x0000000002fdfea0, 0x0000000002fe0110]

GC Heap History (6 events):
Event: 1.567 GC heap before
{Heap before GC invocations=1 (full 0):
 PSYoungGen      total 37888K, used 32768K [0x00000000d6300000, 0x00000000d8d00000, 0x0000000100000000)
  eden space 32768K, 100% used [0x00000000d6300000,0x00000000d8300000,0x00000000d8300000)
  from space 5120K, 0% used [0x00000000d8800000,0x00000000d8800000,0x00000000d8d00000)
  to   space 5120K, 0% used [0x00000000d8300000,0x00000000d8300000,0x00000000d8800000)
 ParOldGen       total 86016K, used 0K [0x0000000082800000, 0x0000000087c00000, 0x00000000d6300000)
  object space 86016K, 0% used [0x0000000082800000,0x0000000082800000,0x0000000087c00000)
 Metaspace       used 10380K, capacity 10626K, committed 10880K, reserved 1058816K
  class space    used 1227K, capacity 1307K, committed 1408K, reserved 1048576K
Event: 1.577 GC heap after
Heap after GC invocations=1 (full 0):
 PSYoungGen      total 37888K, used 5095K [0x00000000d6300000, 0x00000000d8d00000, 0x0000000100000000)
  eden space 32768K, 0% used [0x00000000d6300000,0x00000000d6300000,0x00000000d8300000)
  from space 5120K, 99% used [0x00000000d8300000,0x00000000d87f9f50,0x00000000d8800000)
  to   space 5120K, 0% used [0x00000000d8800000,0x00000000d8800000,0x00000000d8d00000)
 ParOldGen       total 86016K, used 85K [0x0000000082800000, 0x0000000087c00000, 0x00000000d6300000)
  object space 86016K, 0% used [0x0000000082800000,0x00000000828155c0,0x0000000087c00000)
 Metaspace       used 10380K, capacity 10626K, committed 10880K, reserved 1058816K
  class space    used 1227K, capacity 1307K, committed 1408K, reserved 1048576K
}
Event: 1.836 GC heap before
{Heap before GC invocations=2 (full 0):
 PSYoungGen      total 37888K, used 37863K [0x00000000d6300000, 0x00000000d8d00000, 0x0000000100000000)
  eden space 32768K, 100% used [0x00000000d6300000,0x00000000d8300000,0x00000000d8300000)
  from space 5120K, 99% used [0x00000000d8300000,0x00000000d87f9f50,0x00000000d8800000)
  to   space 5120K, 0% used [0x00000000d8800000,0x00000000d8800000,0x00000000d8d00000)
 ParOldGen       total 86016K, used 85K [0x0000000082800000, 0x0000000087c00000, 0x00000000d6300000)
  object space 86016K, 0% used [0x0000000082800000,0x00000000828155c0,0x0000000087c00000)
 Metaspace       used 13315K, capacity 13680K, committed 13952K, reserved 1060864K
  class space    used 1736K, capacity 1857K, committed 1920K, reserved 1048576K
Event: 1.842 GC heap after
Heap after GC invocations=2 (full 0):
 PSYoungGen      total 37888K, used 5095K [0x00000000d6300000, 0x00000000d8d00000, 0x0000000100000000)
  eden space 32768K, 0% used [0x00000000d6300000,0x00000000d6300000,0x00000000d8300000)
  from space 5120K, 99% used [0x00000000d8800000,0x00000000d8cf9f38,0x00000000d8d00000)
  to   space 5120K, 0% used [0x00000000d8300000,0x00000000d8300000,0x00000000d8800000)
 ParOldGen       total 86016K, used 319K [0x0000000082800000, 0x0000000087c00000, 0x00000000d6300000)
  object space 86016K, 0% used [0x0000000082800000,0x000000008284fcb0,0x0000000087c00000)
 Metaspace       used 13315K, capacity 13680K, committed 13952K, reserved 1060864K
  class space    used 1736K, capacity 1857K, committed 1920K, reserved 1048576K
}
Event: 2.253 GC heap before
{Heap before GC invocations=3 (full 0):
 PSYoungGen      total 37888K, used 37863K [0x00000000d6300000, 0x00000000d8d00000, 0x0000000100000000)
  eden space 32768K, 100% used [0x00000000d6300000,0x00000000d8300000,0x00000000d8300000)
  from space 5120K, 99% used [0x00000000d8800000,0x00000000d8cf9f38,0x00000000d8d00000)
  to   space 5120K, 0% used [0x00000000d8300000,0x00000000d8300000,0x00000000d8800000)
 ParOldGen       total 86016K, used 319K [0x0000000082800000, 0x0000000087c00000, 0x00000000d6300000)
  object space 86016K, 0% used [0x0000000082800000,0x000000008284fcb0,0x0000000087c00000)
 Metaspace       used 17237K, capacity 17662K, committed 17792K, reserved 1064960K
  class space    used 2239K, capacity 2390K, committed 2432K, reserved 1048576K
Event: 2.262 GC heap after
Heap after GC invocations=3 (full 0):
 PSYoungGen      total 37888K, used 5108K [0x00000000d6300000, 0x00000000d8d00000, 0x0000000100000000)
  eden space 32768K, 0% used [0x00000000d6300000,0x00000000d6300000,0x00000000d8300000)
  from space 5120K, 99% used [0x00000000d8300000,0x00000000d87fd3a0,0x00000000d8800000)
  to   space 5120K, 0% used [0x00000000d8800000,0x00000000d8800000,0x00000000d8d00000)
 ParOldGen       total 86016K, used 2461K [0x0000000082800000, 0x0000000087c00000, 0x00000000d6300000)
  object space 86016K, 2% used [0x0000000082800000,0x0000000082a674e0,0x0000000087c00000)
 Metaspace       used 17237K, capacity 17662K, committed 17792K, reserved 1064960K
  class space    used 2239K, capacity 2390K, committed 2432K, reserved 1048576K
}

Deoptimization events (10 events):
Event: 0.275 Thread 0x0000000002aa6000 Uncommon trap: reason=unstable_if action=reinterpret pc=0x0000000002cbba78 method=java.lang.String.hashCode()I @ 14
Event: 1.136 Thread 0x0000000002aa6000 Uncommon trap: reason=unstable_if action=reinterpret pc=0x0000000002d37378 method=java.lang.String.indexOf([CII[CIII)I @ 3
Event: 1.164 Thread 0x00000000197ad800 Uncommon trap: reason=range_check action=make_not_entrant pc=0x0000000002e1daa0 method=sun.reflect.generics.parser.SignatureParser.current()C @ 34
Event: 1.850 Thread 0x00000000197ad800 Uncommon trap: reason=unstable_if action=reinterpret pc=0x0000000002e1d488 method=java.util.HashMap.getNode(ILjava/lang/Object;)Ljava/util/HashMap$Node; @ 129
Event: 1.850 Thread 0x00000000197ad800 Uncommon trap: reason=unstable_if action=reinterpret pc=0x0000000002f1a454 method=java.util.HashMap.putVal(ILjava/lang/Object;Ljava/lang/Object;ZZ)Ljava/lang/Object; @ 193
Event: 1.850 Thread 0x00000000197ad800 Uncommon trap: reason=unstable_if action=reinterpret pc=0x0000000002dedb3c method=java.util.HashMap.getNode(ILjava/lang/Object;)Ljava/util/HashMap$Node; @ 129
Event: 1.868 Thread 0x00000000197ad800 Uncommon trap: reason=unstable_if action=reinterpret pc=0x0000000002f32018 method=java.util.concurrent.ConcurrentHashMap.addCount(JI)V @ 272
Event: 1.955 Thread 0x0000000002aa6000 Uncommon trap: reason=unstable_if action=reinterpret pc=0x0000000002e754cc method=java.io.WinNTFileSystem.normalize(Ljava/lang/String;II)Ljava/lang/String; @ 90
Event: 2.028 Thread 0x0000000002aa6000 Uncommon trap: reason=unstable_if action=reinterpret pc=0x0000000002f1911c method=java.util.HashMap.putVal(ILjava/lang/Object;Ljava/lang/Object;ZZ)Ljava/lang/Object; @ 193
Event: 2.114 Thread 0x00000000197ad800 Uncommon trap: reason=unstable_if action=reinterpret pc=0x0000000002f377a4 method=java.util.jar.Manifest$FastInputStream.readLine([BII)I @ 87

Classes redefined (0 events):
No events

Internal exceptions (10 events):
Event: 2.196 Thread 0x0000000002aa6000 Exception <a 'java/lang/ClassNotFoundException': org/springframework/beans/factory/config/BeanFactoryPostProcessorCustomizer> (0x00000000d7db5c90) thrown at [C:\re\workspace\8-2-build-windows-amd64-cygwin\jdk8u161\10277\hotspot\src\share\vm\classfile\syst
Event: 2.196 Thread 0x0000000002aa6000 Exception <a 'java/lang/ClassNotFoundException': org/springframework/core/PriorityOrderedCustomizer> (0x00000000d7e31128) thrown at [C:\re\workspace\8-2-build-windows-amd64-cygwin\jdk8u161\10277\hotspot\src\share\vm\classfile\systemDictionary.cpp, line 21
Event: 2.197 Thread 0x0000000002aa6000 Exception <a 'java/lang/ClassNotFoundException': org/springframework/core/OrderedCustomizer> (0x00000000d7e409b0) thrown at [C:\re\workspace\8-2-build-windows-amd64-cygwin\jdk8u161\10277\hotspot\src\share\vm\classfile\systemDictionary.cpp, line 210]
Event: 2.197 Thread 0x0000000002aa6000 Exception <a 'java/lang/ClassNotFoundException': org/springframework/context/ResourceLoaderAwareCustomizer> (0x00000000d7e548a0) thrown at [C:\re\workspace\8-2-build-windows-amd64-cygwin\jdk8u161\10277\hotspot\src\share\vm\classfile\systemDictionary.cpp, 
Event: 2.198 Thread 0x0000000002aa6000 Exception <a 'java/lang/ClassNotFoundException': org/springframework/beans/factory/AwareCustomizer> (0x00000000d7e66ef0) thrown at [C:\re\workspace\8-2-build-windows-amd64-cygwin\jdk8u161\10277\hotspot\src\share\vm\classfile\systemDictionary.cpp, line 210
Event: 2.199 Thread 0x0000000002aa6000 Exception <a 'java/lang/ClassNotFoundException': org/springframework/beans/factory/BeanClassLoaderAwareCustomizer> (0x00000000d7e7bd20) thrown at [C:\re\workspace\8-2-build-windows-amd64-cygwin\jdk8u161\10277\hotspot\src\share\vm\classfile\systemDictionar
Event: 2.199 Thread 0x0000000002aa6000 Exception <a 'java/lang/ClassNotFoundException': org/springframework/beans/factory/AwareCustomizer> (0x00000000d7e8e388) thrown at [C:\re\workspace\8-2-build-windows-amd64-cygwin\jdk8u161\10277\hotspot\src\share\vm\classfile\systemDictionary.cpp, line 210
Event: 2.200 Thread 0x0000000002aa6000 Exception <a 'java/lang/ClassNotFoundException': org/springframework/context/EnvironmentAwareCustomizer> (0x00000000d7ea0b58) thrown at [C:\re\workspace\8-2-build-windows-amd64-cygwin\jdk8u161\10277\hotspot\src\share\vm\classfile\systemDictionary.cpp, lin
Event: 2.201 Thread 0x0000000002aa6000 Exception <a 'java/lang/ClassNotFoundException': org/springframework/beans/factory/AwareCustomizer> (0x00000000d7eb30a0) thrown at [C:\re\workspace\8-2-build-windows-amd64-cygwin\jdk8u161\10277\hotspot\src\share\vm\classfile\systemDictionary.cpp, line 210
Event: 2.253 Thread 0x0000000002aa6000 Exception <a 'java/lang/NoSuchMethodError': java.lang.Object.lambda$comparing$77a9974f$1(Ljava/util/function/Function;Ljava/lang/Object;Ljava/lang/Object;)I> (0x00000000d82c5d58) thrown at [C:\re\workspace\8-2-build-windows-amd64-cygwin\jdk8u161\10277\hot

Events (10 events):
Event: 2.382 loading class org/springframework/cloud/config/java/CloudScanConfiguration
Event: 2.382 loading class org/springframework/cloud/config/java/CloudScanConfiguration done
Event: 2.382 loading class com/couchbase/client/java/Cluster
Event: 2.382 loading class com/couchbase/client/java/Cluster done
Event: 2.382 loading class com/fasterxml/jackson/databind/ser/std/ByteBufferSerializer
Event: 2.382 loading class com/fasterxml/jackson/databind/ser/std/ByteBufferSerializer done
Event: 2.382 loading class org/springframework/dao/annotation/PersistenceExceptionTranslationPostProcessor
Event: 2.382 loading class org/springframework/dao/annotation/PersistenceExceptionTranslationPostProcessor done
Event: 2.383 loading class com/fasterxml/jackson/databind/ser/std/InetAddressSerializer
Event: 2.383 loading class com/fasterxml/jackson/databind/ser/std/InetAddressSerializer done


Dynamic libraries:
0x00007ff696e50000 - 0x00007ff696e87000 	C:\Program Files\Java\jdk1.8.0_161\bin\javaw.exe
0x00007ffe796b0000 - 0x00007ffe7989d000 	C:\WINDOWS\SYSTEM32\ntdll.dll
0x00007ffe769e0000 - 0x00007ffe76a93000 	C:\WINDOWS\System32\KERNEL32.DLL
0x00007ffe76620000 - 0x00007ffe768b3000 	C:\WINDOWS\System32\KERNELBASE.dll
0x00007ffe771c0000 - 0x00007ffe77263000 	C:\WINDOWS\System32\ADVAPI32.dll
0x00007ffe77050000 - 0x00007ffe770ee000 	C:\WINDOWS\System32\msvcrt.dll
0x00007ffe76940000 - 0x00007ffe769de000 	C:\WINDOWS\System32\sechost.dll
0x00007ffe773e0000 - 0x00007ffe77502000 	C:\WINDOWS\System32\RPCRT4.dll
0x00007ffe794e0000 - 0x00007ffe79677000 	C:\WINDOWS\System32\USER32.dll
0x00007ffe759a0000 - 0x00007ffe759c0000 	C:\WINDOWS\System32\win32u.dll
0x00007ffe779e0000 - 0x00007ffe77a09000 	C:\WINDOWS\System32\GDI32.dll
0x00007ffe76160000 - 0x00007ffe762f9000 	C:\WINDOWS\System32\gdi32full.dll
0x00007ffe75780000 - 0x00007ffe75820000 	C:\WINDOWS\System32\msvcp_win.dll
0x00007ffe75820000 - 0x00007ffe7591a000 	C:\WINDOWS\System32\ucrtbase.dll
0x00007ffe5c680000 - 0x00007ffe5c8f9000 	C:\WINDOWS\WinSxS\amd64_microsoft.windows.common-controls_6595b64144ccf1df_6.0.17763.615_none_05b4414a072024d4\COMCTL32.dll
0x00007ffe77670000 - 0x00007ffe7799c000 	C:\WINDOWS\System32\combase.dll
0x00007ffe75920000 - 0x00007ffe7599e000 	C:\WINDOWS\System32\bcryptPrimitives.dll
0x00007ffe77d80000 - 0x00007ffe77dae000 	C:\WINDOWS\System32\IMM32.DLL
0x0000000064510000 - 0x00000000645e2000 	C:\Program Files\Java\jdk1.8.0_161\jre\bin\msvcr100.dll
0x0000000063c70000 - 0x000000006450f000 	C:\Program Files\Java\jdk1.8.0_161\jre\bin\server\jvm.dll
0x00007ffe779a0000 - 0x00007ffe779a8000 	C:\WINDOWS\System32\PSAPI.DLL
0x00007ffe547c0000 - 0x00007ffe547c9000 	C:\WINDOWS\SYSTEM32\WSOCK32.dll
0x00007ffe77150000 - 0x00007ffe771bd000 	C:\WINDOWS\System32\WS2_32.dll
0x00007ffe74650000 - 0x00007ffe7465a000 	C:\WINDOWS\SYSTEM32\VERSION.dll
0x00007ffe70590000 - 0x00007ffe705b4000 	C:\WINDOWS\SYSTEM32\WINMM.dll
0x00007ffe704e0000 - 0x00007ffe7050d000 	C:\WINDOWS\SYSTEM32\WINMMBASE.dll
0x00007ffe76110000 - 0x00007ffe7615a000 	C:\WINDOWS\System32\cfgmgr32.dll
0x0000000063c60000 - 0x0000000063c6f000 	C:\Program Files\Java\jdk1.8.0_161\jre\bin\verify.dll
0x0000000063c30000 - 0x0000000063c59000 	C:\Program Files\Java\jdk1.8.0_161\jre\bin\java.dll
0x0000000063c10000 - 0x0000000063c26000 	C:\Program Files\Java\jdk1.8.0_161\jre\bin\zip.dll
0x00007ffe77db0000 - 0x00007ffe792a0000 	C:\WINDOWS\System32\SHELL32.dll
0x00007ffe792a0000 - 0x00007ffe79348000 	C:\WINDOWS\System32\shcore.dll
0x00007ffe759c0000 - 0x00007ffe7610a000 	C:\WINDOWS\System32\windows.storage.dll
0x00007ffe756d0000 - 0x00007ffe756f4000 	C:\WINDOWS\System32\profapi.dll
0x00007ffe75700000 - 0x00007ffe7575d000 	C:\WINDOWS\System32\powrprof.dll
0x00007ffe768e0000 - 0x00007ffe76932000 	C:\WINDOWS\System32\shlwapi.dll
0x00007ffe756b0000 - 0x00007ffe756c1000 	C:\WINDOWS\System32\kernel.appcore.dll
0x00007ffe768c0000 - 0x00007ffe768d7000 	C:\WINDOWS\System32\cryptsp.dll
0x0000000063c00000 - 0x0000000063c0d000 	C:\Program Files\Java\jdk1.8.0_161\jre\bin\management.dll
0x0000000063be0000 - 0x0000000063bfa000 	C:\Program Files\Java\jdk1.8.0_161\jre\bin\net.dll
0x00007ffe51b40000 - 0x00007ffe51c46000 	C:\Program Files\Open Text\SOCKS Client\HumSOCKS.dll
0x00007ffe77c20000 - 0x00007ffe77d75000 	C:\WINDOWS\System32\ole32.dll
0x00007ffe51b20000 - 0x00007ffe51b31000 	C:\WINDOWS\SYSTEM32\credui.dll
0x00007ffe77590000 - 0x00007ffe77654000 	C:\WINDOWS\System32\OLEAUT32.dll
0x00007ffe5ab20000 - 0x00007ffe5ab37000 	C:\WINDOWS\SYSTEM32\NETAPI32.dll
0x00007ffe62060000 - 0x00007ffe620e9000 	C:\WINDOWS\SYSTEM32\WINSPOOL.DRV
0x00007ffe6fee0000 - 0x00007ffe6ff1f000 	C:\WINDOWS\SYSTEM32\LOGONCLI.DLL
0x00007ffe765f0000 - 0x00007ffe76616000 	C:\WINDOWS\System32\bcrypt.dll
0x00007ffe70330000 - 0x00007ffe704d8000 	C:\WINDOWS\SYSTEM32\PROPSYS.dll
0x00007ffe74c40000 - 0x00007ffe74c7d000 	C:\WINDOWS\SYSTEM32\IPHLPAPI.DLL
0x00007ffe74d50000 - 0x00007ffe74d5e000 	C:\WINDOWS\SYSTEM32\NETUTILS.DLL
0x00007ffe74ed0000 - 0x00007ffe74f37000 	C:\WINDOWS\system32\mswsock.dll
0x00007ffe5a470000 - 0x00007ffe5a486000 	C:\WINDOWS\system32\napinsp.dll
0x00007ffe5a450000 - 0x00007ffe5a46a000 	C:\WINDOWS\system32\pnrpnsp.dll
0x00007ffe74c80000 - 0x00007ffe74d46000 	C:\WINDOWS\SYSTEM32\DNSAPI.dll
0x00007ffe77660000 - 0x00007ffe77668000 	C:\WINDOWS\System32\NSI.dll
0x00007ffe5a440000 - 0x00007ffe5a44e000 	C:\WINDOWS\System32\winrnr.dll
0x00007ffe71250000 - 0x00007ffe7126b000 	C:\WINDOWS\system32\NLAapi.dll
0x00007ffe5a420000 - 0x00007ffe5a435000 	C:\WINDOWS\system32\wshbth.dll
0x00007ffe755e0000 - 0x00007ffe7560f000 	C:\WINDOWS\SYSTEM32\SspiCli.dll
0x00007ffe641e0000 - 0x00007ffe641ea000 	C:\Windows\System32\rasadhlp.dll
0x00007ffe690c0000 - 0x00007ffe69139000 	C:\WINDOWS\System32\fwpuclnt.dll
0x0000000063bc0000 - 0x0000000063bd1000 	C:\Program Files\Java\jdk1.8.0_161\jre\bin\nio.dll

VM Arguments:
jvm_args: -Dfile.encoding=UTF-8 
java_command: com.bhupesh.cricapi.CricapiApplication
java_class_path (initial): C:\Users\BhupeshBothra\Desktop\HTMLCSS\Website\CricAPI\cricapi\target\classes;C:\Users\BhupeshBothra\.m2\repository\org\springframework\boot\spring-boot-starter-actuator\2.1.7.RELEASE\spring-boot-starter-actuator-2.1.7.RELEASE.jar;C:\Users\BhupeshBothra\.m2\repository\org\springframework\boot\spring-boot-starter\2.1.7.RELEASE\spring-boot-starter-2.1.7.RELEASE.jar;C:\Users\BhupeshBothra\.m2\repository\org\springframework\boot\spring-boot\2.1.7.RELEASE\spring-boot-2.1.7.RELEASE.jar;C:\Users\BhupeshBothra\.m2\repository\org\springframework\boot\spring-boot-autoconfigure\2.1.7.RELEASE\spring-boot-autoconfigure-2.1.7.RELEASE.jar;C:\Users\BhupeshBothra\.m2\repository\org\springframework\boot\spring-boot-starter-logging\2.1.7.RELEASE\spring-boot-starter-logging-2.1.7.RELEASE.jar;C:\Users\BhupeshBothra\.m2\repository\ch\qos\logback\logback-classic\1.2.3\logback-classic-1.2.3.jar;C:\Users\BhupeshBothra\.m2\repository\ch\qos\logback\logback-core\1.2.3\logback-core-1.2.3.jar;C:\Users\BhupeshBothra\.m2\repository\org\apache\logging\log4j\log4j-to-slf4j\2.11.2\log4j-to-slf4j-2.11.2.jar;C:\Users\BhupeshBothra\.m2\repository\org\apache\logging\log4j\log4j-api\2.11.2\log4j-api-2.11.2.jar;C:\Users\BhupeshBothra\.m2\repository\org\slf4j\jul-to-slf4j\1.7.26\jul-to-slf4j-1.7.26.jar;C:\Users\BhupeshBothra\.m2\repository\javax\annotation\javax.annotation-api\1.3.2\javax.annotation-api-1.3.2.jar;C:\Users\BhupeshBothra\.m2\repository\org\yaml\snakeyaml\1.23\snakeyaml-1.23.jar;C:\Users\BhupeshBothra\.m2\repository\org\springframework\boot\spring-boot-actuator-autoconfigure\2.1.7.RELEASE\spring-boot-actuator-autoconfigure-2.1.7.RELEASE.jar;C:\Users\BhupeshBothra\.m2\repository\org\springframework\boot\spring-boot-actuator\2.1.7.RELEASE\spring-boot-actuator-2.1.7.RELEASE.jar;C:\Users\BhupeshBothra\.m2\repository\com\fasterxml\jackson\core\jackson-databind\2.9.9\jackson-databind-2.9.9.jar;C:\Users\BhupeshBothra\.m2\repository\com\fasterxml\jackson\core\jackson-anno
Launcher Type: SUN_STANDARD

Environment Variables:
JAVA_HOME=C:\Program Files\Java\jdk1.8.0_161
JRE_HOME=C:\Program Files\Java\jdk1.8.0_161
CLASSPATH=C:\Program Files\Java\jdk1.8.0_144\bin;C:\Software\apache-maven-3.5.2\bin;C:\Software\gradle-4.3\bin;C:\Software\apache-ant-1.10.1\bin;
PATH=C:\Program Files (x86)\Common Files\Oracle\Java\javapath;C:\ProgramData\DockerDesktop\version-bin;C:\Program Files\Docker\Docker\Resources\bin;C:\Program Files\Docker\Docker\resources\bin;C:\app\BhupeshBothra\product\12.1.0\client_2;C:\app\BhupeshBothra\product\12.1.0\client_1;C:\ProgramData\Oracle\Java\javapath;C:\Program Files\Intel\iCLS Client\;C:\WINDOWS\system32;C:\WINDOWS;C:\WINDOWS\System32\Wbem;C:\WINDOWS\System32\WindowsPowerShell\v1.0\;C:\Program Files (x86)\PDFtk\bin\;C:\Program Files\Java\jdk1.8.0_144\bin;C:\Software\apache-maven-3.5.2\bin;C:\Software\gradle-4.3\bin;C:\Program Files\Git\cmd;C:\Software\apache-ant-1.10.1\bin;C:\PostgreSQL\pg10\bin;C:\Program Files (x86)\Sennheiser\SoftphoneSDK\;C:\Program Files\Microsoft VS Code\bin;C:\WINDOWS\System32\OpenSSH\;C:\Program Files\nodejs\;C:\Program Files\IBM\Cloud\bin;;C:\Program Files\Cloud Foundry;C:\Program Files\Intel\WiFi\bin\;C:\Program Files\Common Files\Intel\WirelessCommon\;C:\Program Files (x86)\Intel\Intel(R) Management Engine Components\DAL;C:\Program Files\Intel\Intel(R) Management Engine Components\DAL;C:\Program Files (x86)\Brackets\command;C:\Program Files\Java\jdk1.8.0_144\bin;C:\Software\apache-ant-1.10.1\bin;C:\Users\BhupeshBothra\AppData\Local\Microsoft\WindowsApps;C:\Users\BhupeshBothra\AppData\Local\Programs\Fiddler;C:\Go\bin;C:\Program Files\MongoDB\Server\3.6\bin;C:\Software\apache-activemq-5.15.3-bin\apache-activemq-5.15.3\bin\win64;C:\Software\apache-maven-3.5.2\bin;C:\Users\BhupeshBothra\AppData\Roaming\npm;C:\Program Files\Docker\Docker\resources\bin;C:\Program Files\Intel\WiFi\bin\;C:\Program Files\Common Files\Intel\WirelessCommon\
USERNAME=03779D744
OS=Windows_NT
PROCESSOR_IDENTIFIER=Intel64 Family 6 Model 142 Stepping 9, GenuineIntel



---------------  S Y S T E M  ---------------

OS: Windows 10.0 , 64 bit Build 17763 (10.0.17763.475)

CPU:total 4 (initial active 4) (2 cores per cpu, 2 threads per core) family 6 model 142 stepping 9, cmov, cx8, fxsr, mmx, sse, sse2, sse3, ssse3, sse4.1, sse4.2, popcnt, avx, avx2, aes, clmul, erms, rtm, 3dnowpref, lzcnt, ht, tsc, tscinvbit, bmi1, bmi2, adx

Memory: 4k page, physical 8223716k(956744k free), swap 10168292k(4256k free)

vm_info: Java HotSpot(TM) 64-Bit Server VM (25.161-b12) for windows-amd64 JRE (1.8.0_161-b12), built on Dec 19 2017 17:52:25 by "java_re" with MS VC++ 10.0 (VS2010)

time: Wed Aug 07 17:49:25 2019
elapsed time: 2 seconds (0d 0h 0m 2s)

