#
# There is insufficient memory for the Java Runtime Environment to continue.
# Native memory allocation (malloc) failed to allocate 32744 bytes for ChunkPool::allocate
# Possible reasons:
#   The system is out of physical RAM or swap space
#   In 32 bit mode, the process size limit was hit
# Possible solutions:
#   Reduce memory load on the system
#   Increase physical memory or swap space
#   Check if swap backing store is full
#   Use 64 bit Java on a 64 bit OS
#   Decrease Java heap size (-Xmx/-Xms)
#   Decrease number of Java threads
#   Decrease Java thread stack sizes (-Xss)
#   Set larger code cache with -XX:ReservedCodeCacheSize=
# This output file may be truncated or incomplete.
#
#  Out of Memory Error (allocation.cpp:273), pid=17748, tid=0x0000000000003304
#
# JRE version: Java(TM) SE Runtime Environment (8.0_161-b12) (build 1.8.0_161-b12)
# Java VM: Java HotSpot(TM) 64-Bit Server VM (25.161-b12 mixed mode windows-amd64 compressed oops)
# Failed to write core dump. Minidumps are not enabled by default on client versions of Windows
#

---------------  T H R E A D  ---------------

Current thread (0x0000000017b6e800):  JavaThread "C2 CompilerThread1" daemon [_thread_in_native, id=13060, stack(0x00000000192c0000,0x00000000193c0000)]

Stack: [0x00000000192c0000,0x00000000193c0000]
[error occurred during error reporting (printing stack bounds), id 0xc0000005]

Native frames: (J=compiled Java code, j=interpreted, Vv=VM code, C=native code)


Current CompileTask:
C2:   5812 3572   !   4       java.net.URLClassLoader$1::run (63 bytes)


---------------  P R O C E S S  ---------------

Java Threads: ( => current thread )
  0x00000000194fa800 JavaThread "Service Thread" daemon [_thread_blocked, id=3828, stack(0x00000000198c0000,0x00000000199c0000)]
  0x0000000017b74000 JavaThread "C1 CompilerThread2" daemon [_thread_in_native, id=5480, stack(0x00000000193c0000,0x00000000194c0000)]
=>0x0000000017b6e800 JavaThread "C2 CompilerThread1" daemon [_thread_in_native, id=13060, stack(0x00000000192c0000,0x00000000193c0000)]
  0x0000000017b68800 JavaThread "C2 CompilerThread0" daemon [_thread_in_native, id=3132, stack(0x00000000191c0000,0x00000000192c0000)]
  0x0000000017b64000 JavaThread "Attach Listener" daemon [_thread_blocked, id=7452, stack(0x00000000190c0000,0x00000000191c0000)]
  0x0000000017b62800 JavaThread "Signal Dispatcher" daemon [_thread_blocked, id=11232, stack(0x0000000018fc0000,0x00000000190c0000)]
  0x0000000017b50000 JavaThread "Finalizer" daemon [_thread_blocked, id=9520, stack(0x0000000018dc0000,0x0000000018ec0000)]
  0x0000000017b29000 JavaThread "Reference Handler" daemon [_thread_blocked, id=5996, stack(0x0000000018cc0000,0x0000000018dc0000)]
  0x0000000002fc5800 JavaThread "main" [_thread_in_Java, id=6972, stack(0x0000000002ec0000,0x0000000002fc0000)]

Other Threads:
  0x0000000017b27800 VMThread [stack: 0x0000000018bc0000,0x0000000018cc0000] [id=17124]
  0x000000001950d800 WatcherThread [stack: 0x00000000199c0000,0x0000000019ac0000] [id=18372]

VM state:not at safepoint (normal execution)

VM Mutex/Monitor currently owned by a thread: None

Heap:
 PSYoungGen      total 136192K, used 15854K [0x00000000d6300000, 0x00000000e1e80000, 0x0000000100000000)
  eden space 127488K, 12% used [0x00000000d6300000,0x00000000d727bbe8,0x00000000ddf80000)
  from space 8704K, 0% used [0x00000000ddf80000,0x00000000ddf80000,0x00000000de800000)
  to   space 10752K, 0% used [0x00000000e1400000,0x00000000e1400000,0x00000000e1e80000)
 ParOldGen       total 52224K, used 16108K [0x0000000082800000, 0x0000000085b00000, 0x00000000d6300000)
  object space 52224K, 30% used [0x0000000082800000,0x00000000837bb2c8,0x0000000085b00000)
 Metaspace       used 34885K, capacity 36536K, committed 36648K, reserved 1081344K
  class space    used 4577K, capacity 4895K, committed 4912K, reserved 1048576K

Card table byte_map: [0x0000000012480000,0x0000000012870000] byte_map_base: 0x000000001206c000

Marking Bits: (ParMarkBitMap*) 0x000000007566f860
 Begin Bits: [0x0000000012f10000, 0x0000000014e70000)
 End Bits:   [0x0000000014e70000, 0x0000000016dd0000)

Polling page: 0x0000000002c60000

CodeCache: size=245760Kb used=13713Kb max_used=13713Kb free=232046Kb
 bounds [0x00000000030c0000, 0x0000000003e30000, 0x00000000120c0000]
 total_blobs=4144 nmethods=3731 adapters=324
 compilation: enabled

Compilation events (10 events):
Event: 5.767 Thread 0x0000000017b74000 3807       1       org.springframework.beans.factory.support.DefaultListableBeanFactory::getAutowireCandidateResolver (5 bytes)
Event: 5.767 Thread 0x0000000017b74000 nmethod 3807 0x0000000003e24290 code [0x0000000003e243e0, 0x0000000003e244f0]
Event: 5.769 Thread 0x0000000017b74000 3808       2       org.springframework.beans.factory.support.AbstractBeanFactory::isTypeMatch (547 bytes)
Event: 5.772 Thread 0x0000000017b74000 nmethod 3808 0x0000000003e24550 code [0x0000000003e24980, 0x0000000003e26018]
Event: 5.780 Thread 0x0000000017b74000 3809       2       org.springframework.cglib.core.CodeEmitter::mark (15 bytes)
Event: 5.780 Thread 0x0000000017b74000 nmethod 3809 0x0000000003e27590 code [0x0000000003e27700, 0x0000000003e278e8]
Event: 5.790 Thread 0x0000000017b74000 3810       2       java.lang.Class::getDeclaredConstructors (18 bytes)
Event: 5.790 Thread 0x0000000017b74000 nmethod 3810 0x0000000003e279d0 code [0x0000000003e27b60, 0x0000000003e27d38]
Event: 5.803 Thread 0x0000000017b74000 3811       2       org.springframework.cglib.core.MethodWrapper$MethodWrapperKey$$KeyFactoryByCGLIB$$552be97a::equals (183 bytes)
Event: 5.804 Thread 0x0000000017b74000 nmethod 3811 0x0000000003e27e10 code [0x0000000003e27fc0, 0x0000000003e28428]

GC Heap History (10 events):
Event: 2.262 GC heap before
{Heap before GC invocations=7 (full 1):
 PSYoungGen      total 70656K, used 65506K [0x00000000d6300000, 0x00000000df400000, 0x0000000100000000)
  eden space 65536K, 99% used [0x00000000d6300000,0x00000000da2f8be0,0x00000000da300000)
  from space 5120K, 0% used [0x00000000da300000,0x00000000da300000,0x00000000da800000)
  to   space 8704K, 0% used [0x00000000deb80000,0x00000000deb80000,0x00000000df400000)
 ParOldGen       total 52224K, used 5228K [0x0000000082800000, 0x0000000085b00000, 0x00000000d6300000)
  object space 52224K, 10% used [0x0000000082800000,0x0000000082d1b138,0x0000000085b00000)
 Metaspace       used 22799K, capacity 23420K, committed 23728K, reserved 1069056K
  class space    used 2940K, capacity 3127K, committed 3248K, reserved 1048576K
Event: 2.271 GC heap after
Heap after GC invocations=7 (full 1):
 PSYoungGen      total 112128K, used 4834K [0x00000000d6300000, 0x00000000df080000, 0x0000000100000000)
  eden space 107008K, 0% used [0x00000000d6300000,0x00000000d6300000,0x00000000dcb80000)
  from space 5120K, 94% used [0x00000000deb80000,0x00000000df038880,0x00000000df080000)
  to   space 8704K, 0% used [0x00000000ddf80000,0x00000000ddf80000,0x00000000de800000)
 ParOldGen       total 52224K, used 5300K [0x0000000082800000, 0x0000000085b00000, 0x00000000d6300000)
  object space 52224K, 10% used [0x0000000082800000,0x0000000082d2d148,0x0000000085b00000)
 Metaspace       used 22799K, capacity 23420K, committed 23728K, reserved 1069056K
  class space    used 2940K, capacity 3127K, committed 3248K, reserved 1048576K
}
Event: 3.208 GC heap before
{Heap before GC invocations=8 (full 1):
 PSYoungGen      total 112128K, used 111842K [0x00000000d6300000, 0x00000000df080000, 0x0000000100000000)
  eden space 107008K, 100% used [0x00000000d6300000,0x00000000dcb80000,0x00000000dcb80000)
  from space 5120K, 94% used [0x00000000deb80000,0x00000000df038880,0x00000000df080000)
  to   space 8704K, 0% used [0x00000000ddf80000,0x00000000ddf80000,0x00000000de800000)
 ParOldGen       total 52224K, used 5300K [0x0000000082800000, 0x0000000085b00000, 0x00000000d6300000)
  object space 52224K, 10% used [0x0000000082800000,0x0000000082d2d148,0x0000000085b00000)
 Metaspace       used 26162K, capacity 26932K, committed 27184K, reserved 1073152K
  class space    used 3412K, capacity 3615K, committed 3632K, reserved 1048576K
Event: 3.225 GC heap after
Heap after GC invocations=8 (full 1):
 PSYoungGen      total 136192K, used 8702K [0x00000000d6300000, 0x00000000e1e80000, 0x0000000100000000)
  eden space 127488K, 0% used [0x00000000d6300000,0x00000000d6300000,0x00000000ddf80000)
  from space 8704K, 99% used [0x00000000ddf80000,0x00000000de7ffa38,0x00000000de800000)
  to   space 10752K, 0% used [0x00000000e1400000,0x00000000e1400000,0x00000000e1e80000)
 ParOldGen       total 52224K, used 6773K [0x0000000082800000, 0x0000000085b00000, 0x00000000d6300000)
  object space 52224K, 12% used [0x0000000082800000,0x0000000082e9d7d8,0x0000000085b00000)
 Metaspace       used 26162K, capacity 26932K, committed 27184K, reserved 1073152K
  class space    used 3412K, capacity 3615K, committed 3632K, reserved 1048576K
}
Event: 5.397 GC heap before
{Heap before GC invocations=9 (full 1):
 PSYoungGen      total 136192K, used 136190K [0x00000000d6300000, 0x00000000e1e80000, 0x0000000100000000)
  eden space 127488K, 100% used [0x00000000d6300000,0x00000000ddf80000,0x00000000ddf80000)
  from space 8704K, 99% used [0x00000000ddf80000,0x00000000de7ffa38,0x00000000de800000)
  to   space 10752K, 0% used [0x00000000e1400000,0x00000000e1400000,0x00000000e1e80000)
 ParOldGen       total 52224K, used 6773K [0x0000000082800000, 0x0000000085b00000, 0x00000000d6300000)
  object space 52224K, 12% used [0x0000000082800000,0x0000000082e9d7d8,0x0000000085b00000)
 Metaspace       used 33806K, capacity 35288K, committed 35496K, reserved 1079296K
  class space    used 4415K, capacity 4699K, committed 4784K, reserved 1048576K
Event: 5.418 GC heap after
Heap after GC invocations=9 (full 1):
 PSYoungGen      total 138240K, used 10741K [0x00000000d6300000, 0x00000000e1e80000, 0x0000000100000000)
  eden space 127488K, 0% used [0x00000000d6300000,0x00000000d6300000,0x00000000ddf80000)
  from space 10752K, 99% used [0x00000000e1400000,0x00000000e1e7d5a0,0x00000000e1e80000)
  to   space 8704K, 0% used [0x00000000ddf80000,0x00000000ddf80000,0x00000000de800000)
 ParOldGen       total 52224K, used 11591K [0x0000000082800000, 0x0000000085b00000, 0x00000000d6300000)
  object space 52224K, 22% used [0x0000000082800000,0x0000000083351ce8,0x0000000085b00000)
 Metaspace       used 33806K, capacity 35288K, committed 35496K, reserved 1079296K
  class space    used 4415K, capacity 4699K, committed 4784K, reserved 1048576K
}
Event: 5.439 GC heap before
{Heap before GC invocations=10 (full 1):
 PSYoungGen      total 138240K, used 12711K [0x00000000d6300000, 0x00000000e1e80000, 0x0000000100000000)
  eden space 127488K, 1% used [0x00000000d6300000,0x00000000d64ec778,0x00000000ddf80000)
  from space 10752K, 99% used [0x00000000e1400000,0x00000000e1e7d5a0,0x00000000e1e80000)
  to   space 8704K, 0% used [0x00000000ddf80000,0x00000000ddf80000,0x00000000de800000)
 ParOldGen       total 52224K, used 11591K [0x0000000082800000, 0x0000000085b00000, 0x00000000d6300000)
  object space 52224K, 22% used [0x0000000082800000,0x0000000083351ce8,0x0000000085b00000)
 Metaspace       used 33925K, capacity 35352K, committed 35496K, reserved 1079296K
  class space    used 4424K, capacity 4699K, committed 4784K, reserved 1048576K
Event: 5.458 GC heap after
Heap after GC invocations=10 (full 1):
 PSYoungGen      total 136192K, used 8686K [0x00000000d6300000, 0x00000000e1e80000, 0x0000000100000000)
  eden space 127488K, 0% used [0x00000000d6300000,0x00000000d6300000,0x00000000ddf80000)
  from space 8704K, 99% used [0x00000000ddf80000,0x00000000de7fb830,0x00000000de800000)
  to   space 10752K, 0% used [0x00000000e1400000,0x00000000e1400000,0x00000000e1e80000)
 ParOldGen       total 52224K, used 13740K [0x0000000082800000, 0x0000000085b00000, 0x00000000d6300000)
  object space 52224K, 26% used [0x0000000082800000,0x000000008356b100,0x0000000085b00000)
 Metaspace       used 33925K, capacity 35352K, committed 35496K, reserved 1079296K
  class space    used 4424K, capacity 4699K, committed 4784K, reserved 1048576K
}
Event: 5.458 GC heap before
{Heap before GC invocations=11 (full 2):
 PSYoungGen      total 136192K, used 8686K [0x00000000d6300000, 0x00000000e1e80000, 0x0000000100000000)
  eden space 127488K, 0% used [0x00000000d6300000,0x00000000d6300000,0x00000000ddf80000)
  from space 8704K, 99% used [0x00000000ddf80000,0x00000000de7fb830,0x00000000de800000)
  to   space 10752K, 0% used [0x00000000e1400000,0x00000000e1400000,0x00000000e1e80000)
 ParOldGen       total 52224K, used 13740K [0x0000000082800000, 0x0000000085b00000, 0x00000000d6300000)
  object space 52224K, 26% used [0x0000000082800000,0x000000008356b100,0x0000000085b00000)
 Metaspace       used 33925K, capacity 35352K, committed 35496K, reserved 1079296K
  class space    used 4424K, capacity 4699K, committed 4784K, reserved 1048576K
Event: 5.522 GC heap after
Heap after GC invocations=11 (full 2):
 PSYoungGen      total 136192K, used 0K [0x00000000d6300000, 0x00000000e1e80000, 0x0000000100000000)
  eden space 127488K, 0% used [0x00000000d6300000,0x00000000d6300000,0x00000000ddf80000)
  from space 8704K, 0% used [0x00000000ddf80000,0x00000000ddf80000,0x00000000de800000)
  to   space 10752K, 0% used [0x00000000e1400000,0x00000000e1400000,0x00000000e1e80000)
 ParOldGen       total 52224K, used 16108K [0x0000000082800000, 0x0000000085b00000, 0x00000000d6300000)
  object space 52224K, 30% used [0x0000000082800000,0x00000000837bb2c8,0x0000000085b00000)
 Metaspace       used 33925K, capacity 35352K, committed 35496K, reserved 1079296K
  class space    used 4424K, capacity 4699K, committed 4784K, reserved 1048576K
}

Deoptimization events (10 events):
Event: 5.308 Thread 0x0000000002fc5800 Uncommon trap: reason=class_check action=maybe_recompile pc=0x00000000038509b4 method=java.util.zip.InflaterInputStream.read([BII)I @ 100
Event: 5.310 Thread 0x0000000002fc5800 Uncommon trap: reason=class_check action=maybe_recompile pc=0x00000000038509b4 method=java.util.zip.InflaterInputStream.read([BII)I @ 100
Event: 5.310 Thread 0x0000000002fc5800 Uncommon trap: reason=class_check action=maybe_recompile pc=0x00000000038509b4 method=java.util.zip.InflaterInputStream.read([BII)I @ 100
Event: 5.311 Thread 0x0000000002fc5800 Uncommon trap: reason=class_check action=maybe_recompile pc=0x00000000038509b4 method=java.util.zip.InflaterInputStream.read([BII)I @ 100
Event: 5.541 Thread 0x0000000002fc5800 Uncommon trap: reason=unstable_if action=reinterpret pc=0x00000000033d7b74 method=java.lang.String.lastIndexOf([CII[CIII)I @ 118
Event: 5.541 Thread 0x0000000002fc5800 Uncommon trap: reason=unstable_if action=reinterpret pc=0x00000000034f67f0 method=sun.net.www.protocol.jar.Handler.parseURL(Ljava/net/URL;Ljava/lang/String;II)V @ 94
Event: 5.667 Thread 0x0000000002fc5800 Uncommon trap: reason=bimorphic action=maybe_recompile pc=0x00000000039d0e10 method=java.util.stream.ReferencePipeline$2$1.accept(Ljava/lang/Object;)V @ 21
Event: 5.667 Thread 0x0000000002fc5800 Uncommon trap: reason=bimorphic action=maybe_recompile pc=0x00000000039d0e10 method=java.util.stream.ReferencePipeline$2$1.accept(Ljava/lang/Object;)V @ 21
Event: 5.692 Thread 0x0000000002fc5800 Uncommon trap: reason=unstable_if action=reinterpret pc=0x00000000035c46f0 method=jdk.internal.org.objectweb.asm.Type.getArgumentsAndReturnSizes(Ljava/lang/String;)I @ 41
Event: 5.769 Thread 0x0000000002fc5800 Uncommon trap: reason=unstable_if action=reinterpret pc=0x0000000003cd5b34 method=org.springframework.beans.factory.support.AbstractBeanFactory.isTypeMatch(Ljava/lang/String;Lorg/springframework/core/ResolvableType;)Z @ 508

Classes redefined (0 events):
No events

Internal exceptions (10 events):
Event: 4.096 Thread 0x0000000002fc5800 Exception <a 'java/lang/ClassNotFoundException': org/springframework/beans/factory/AwareCustomizer> (0x00000000d99d07d8) thrown at [C:\re\workspace\8-2-build-windows-amd64-cygwin\jdk8u161\10277\hotspot\src\share\vm\classfile\systemDictionary.cpp, line 210
Event: 4.097 Thread 0x0000000002fc5800 Exception <a 'java/lang/ClassNotFoundException': org/springframework/context/annotation/ImportAwareCustomizer> (0x00000000d99e6a58) thrown at [C:\re\workspace\8-2-build-windows-amd64-cygwin\jdk8u161\10277\hotspot\src\share\vm\classfile\systemDictionary.cp
Event: 4.097 Thread 0x0000000002fc5800 Exception <a 'java/lang/ClassNotFoundException': org/springframework/beans/factory/AwareCustomizer> (0x00000000d99fae70) thrown at [C:\re\workspace\8-2-build-windows-amd64-cygwin\jdk8u161\10277\hotspot\src\share\vm\classfile\systemDictionary.cpp, line 210
Event: 4.097 Thread 0x0000000002fc5800 Implicit null exception at 0x0000000003a4034c to 0x0000000003a403c1
Event: 4.330 Thread 0x0000000002fc5800 Implicit null exception at 0x0000000003c93e7b to 0x0000000003c94c6d
Event: 4.419 Thread 0x0000000002fc5800 Exception <a 'java/lang/NoSuchMethodError': java.lang.Object.lambda$and$0(Ljava/util/function/Predicate;Ljava/lang/Object;)Z> (0x00000000da4f7d50) thrown at [C:\re\workspace\8-2-build-windows-amd64-cygwin\jdk8u161\10277\hotspot\src\share\vm\interpreter\li
Event: 5.531 Thread 0x0000000002fc5800 Exception <a 'java/io/FileNotFoundException'> (0x00000000d6354778) thrown at [C:\re\workspace\8-2-build-windows-amd64-cygwin\jdk8u161\10277\hotspot\src\share\vm\prims\jni.cpp, line 709]
Event: 5.598 Thread 0x0000000002fc5800 Exception <a 'java/lang/NoSuchMethodError': java.lang.Object.lambda$static$0(Ljava/lang/String;)Ljava/lang/String;> (0x00000000d6695890) thrown at [C:\re\workspace\8-2-build-windows-amd64-cygwin\jdk8u161\10277\hotspot\src\share\vm\interpreter\linkResolver
Event: 5.625 Thread 0x0000000002fc5800 Exception <a 'java/lang/NoSuchMethodError': java.lang.Object.lambda$static$0(Ljava/lang/String;Lio/micrometer/core/instrument/Meter$Type;Ljava/lang/String;)Ljava/lang/String;> (0x00000000d68318b0) thrown at [C:\re\workspace\8-2-build-windows-amd64-cygwin\
Event: 5.792 Thread 0x0000000002fc5800 Exception <a 'java/lang/NoSuchMethodError': java.lang.Object.lambda$static$0(Lorg/springframework/boot/actuate/endpoint/invoke/OperationParameter;Ljava/lang/Object;)Ljava/lang/Object;> (0x00000000d6f9e668) thrown at [C:\re\workspace\8-2-build-windows-amd6

Events (10 events):
Event: 5.797 loading class org/springframework/boot/actuate/endpoint/annotation/EndpointDiscoverer$OperationKey
Event: 5.797 loading class org/springframework/boot/actuate/endpoint/annotation/EndpointDiscoverer$OperationKey done
Event: 5.798 loading class org/springframework/boot/actuate/endpoint/annotation/EndpointDiscoverer$EndpointBean
Event: 5.798 loading class org/springframework/boot/actuate/endpoint/annotation/EndpointDiscoverer$EndpointBean done
Event: 5.799 loading class org/springframework/boot/actuate/endpoint/annotation/EndpointDiscoverer$ExtensionBean
Event: 5.799 loading class org/springframework/boot/actuate/endpoint/annotation/EndpointDiscoverer$ExtensionBean done
Event: 5.807 loading class org/springframework/beans/factory/config/NamedBeanHolder
Event: 5.807 loading class org/springframework/beans/factory/config/NamedBeanHolder done
Event: 5.808 loading class org/springframework/beans/factory/NamedBean
Event: 5.808 loading class org/springframework/beans/factory/NamedBean done


Dynamic libraries:
0x00007ff6c3040000 - 0x00007ff6c3077000 	C:\Program Files\Java\jre1.8.0_161\bin\javaw.exe
0x00007ff8b7540000 - 0x00007ff8b772d000 	C:\WINDOWS\SYSTEM32\ntdll.dll
0x00007ff8b51d0000 - 0x00007ff8b5283000 	C:\WINDOWS\System32\KERNEL32.DLL
0x00007ff8b42e0000 - 0x00007ff8b4573000 	C:\WINDOWS\System32\KERNELBASE.dll
0x00007ff8b5290000 - 0x00007ff8b5333000 	C:\WINDOWS\System32\ADVAPI32.dll
0x00007ff8b68d0000 - 0x00007ff8b696e000 	C:\WINDOWS\System32\msvcrt.dll
0x00007ff8b5340000 - 0x00007ff8b53de000 	C:\WINDOWS\System32\sechost.dll
0x00007ff8b6a50000 - 0x00007ff8b6b72000 	C:\WINDOWS\System32\RPCRT4.dll
0x00007ff8b71c0000 - 0x00007ff8b7357000 	C:\WINDOWS\System32\USER32.dll
0x00007ff8b4670000 - 0x00007ff8b4690000 	C:\WINDOWS\System32\win32u.dll
0x00007ff8b4d70000 - 0x00007ff8b4d99000 	C:\WINDOWS\System32\GDI32.dll
0x00007ff8b3630000 - 0x00007ff8b37c9000 	C:\WINDOWS\System32\gdi32full.dll
0x00007ff8b45d0000 - 0x00007ff8b4670000 	C:\WINDOWS\System32\msvcp_win.dll
0x00007ff8b41e0000 - 0x00007ff8b42da000 	C:\WINDOWS\System32\ucrtbase.dll
0x00007ff89da80000 - 0x00007ff89dcf9000 	C:\WINDOWS\WinSxS\amd64_microsoft.windows.common-controls_6595b64144ccf1df_6.0.17763.615_none_05b4414a072024d4\COMCTL32.dll
0x00007ff8b6ce0000 - 0x00007ff8b700c000 	C:\WINDOWS\System32\combase.dll
0x00007ff8b39b0000 - 0x00007ff8b3a2e000 	C:\WINDOWS\System32\bcryptPrimitives.dll
0x00007ff8b7010000 - 0x00007ff8b703e000 	C:\WINDOWS\System32\IMM32.DLL
0x00000000765f0000 - 0x00000000766c2000 	C:\Program Files\Java\jre1.8.0_161\bin\msvcr100.dll
0x0000000074e50000 - 0x00000000756ef000 	C:\Program Files\Java\jre1.8.0_161\bin\server\jvm.dll
0x00007ff8b4d60000 - 0x00007ff8b4d68000 	C:\WINDOWS\System32\PSAPI.DLL
0x00007ff8b24d0000 - 0x00007ff8b24da000 	C:\WINDOWS\SYSTEM32\VERSION.dll
0x00007ff8ae420000 - 0x00007ff8ae444000 	C:\WINDOWS\SYSTEM32\WINMM.dll
0x00007ff8ae3f0000 - 0x00007ff8ae41d000 	C:\WINDOWS\SYSTEM32\WINMMBASE.dll
0x00007ff899970000 - 0x00007ff899979000 	C:\WINDOWS\SYSTEM32\WSOCK32.dll
0x00007ff8b4580000 - 0x00007ff8b45ca000 	C:\WINDOWS\System32\cfgmgr32.dll
0x0000000002cb0000 - 0x0000000002d1d000 	C:\WINDOWS\System32\ws2_32.DLL
0x0000000076fb0000 - 0x0000000076fbf000 	C:\Program Files\Java\jre1.8.0_161\bin\verify.dll
0x00000000765c0000 - 0x00000000765e9000 	C:\Program Files\Java\jre1.8.0_161\bin\java.dll
0x0000000076f90000 - 0x0000000076fa6000 	C:\Program Files\Java\jre1.8.0_161\bin\zip.dll
0x00007ff8b53e0000 - 0x00007ff8b68d0000 	C:\WINDOWS\System32\SHELL32.dll
0x00007ff8b7110000 - 0x00007ff8b71b8000 	C:\WINDOWS\System32\shcore.dll
0x00007ff8b3a90000 - 0x00007ff8b41da000 	C:\WINDOWS\System32\windows.storage.dll
0x00007ff8b3560000 - 0x00007ff8b3584000 	C:\WINDOWS\System32\profapi.dll
0x00007ff8b35b0000 - 0x00007ff8b360d000 	C:\WINDOWS\System32\powrprof.dll
0x00007ff8b70b0000 - 0x00007ff8b7102000 	C:\WINDOWS\System32\shlwapi.dll
0x00007ff8b3540000 - 0x00007ff8b3551000 	C:\WINDOWS\System32\kernel.appcore.dll
0x00007ff8b3610000 - 0x00007ff8b3627000 	C:\WINDOWS\System32\cryptsp.dll
0x00000000765b0000 - 0x00000000765bd000 	C:\Program Files\Java\jre1.8.0_161\bin\management.dll
0x0000000076590000 - 0x00000000765aa000 	C:\Program Files\Java\jre1.8.0_161\bin\net.dll
0x00007ff889f30000 - 0x00007ff88a036000 	C:\Program Files\Open Text\SOCKS Client\HumSOCKS.dll
0x00007ff8b6b80000 - 0x00007ff8b6cd5000 	C:\WINDOWS\System32\ole32.dll
0x00007ff889f10000 - 0x00007ff889f21000 	C:\WINDOWS\SYSTEM32\credui.dll
0x00007ff8b6970000 - 0x00007ff8b6a34000 	C:\WINDOWS\System32\OLEAUT32.dll
0x00007ff898410000 - 0x00007ff898427000 	C:\WINDOWS\SYSTEM32\NETAPI32.dll
0x00007ff89fdd0000 - 0x00007ff89fe59000 	C:\WINDOWS\SYSTEM32\WINSPOOL.DRV
0x00007ff8b4740000 - 0x00007ff8b4766000 	C:\WINDOWS\System32\bcrypt.dll
0x00007ff8add40000 - 0x00007ff8adee8000 	C:\WINDOWS\SYSTEM32\PROPSYS.dll
0x00007ff8b2ad0000 - 0x00007ff8b2b0d000 	C:\WINDOWS\SYSTEM32\IPHLPAPI.DLL
0x00007ff8ae2a0000 - 0x00007ff8ae2df000 	C:\WINDOWS\SYSTEM32\LOGONCLI.DLL
0x00007ff8b2be0000 - 0x00007ff8b2bee000 	C:\WINDOWS\SYSTEM32\NETUTILS.DLL
0x00007ff8b2d60000 - 0x00007ff8b2dc7000 	C:\WINDOWS\system32\mswsock.dll
0x00007ff897e00000 - 0x00007ff897e16000 	C:\WINDOWS\system32\napinsp.dll
0x00007ff897de0000 - 0x00007ff897dfa000 	C:\WINDOWS\system32\pnrpnsp.dll
0x00007ff8b2b10000 - 0x00007ff8b2bd6000 	C:\WINDOWS\SYSTEM32\DNSAPI.dll
0x00007ff8b6a40000 - 0x00007ff8b6a48000 	C:\WINDOWS\System32\NSI.dll
0x00007ff89d790000 - 0x00007ff89d79e000 	C:\WINDOWS\System32\winrnr.dll
0x00007ff8af0c0000 - 0x00007ff8af0db000 	C:\WINDOWS\system32\NLAapi.dll
0x00007ff897dc0000 - 0x00007ff897dd5000 	C:\WINDOWS\system32\wshbth.dll
0x00007ff8b3470000 - 0x00007ff8b349f000 	C:\WINDOWS\SYSTEM32\SspiCli.dll
0x00007ff8a2030000 - 0x00007ff8a203a000 	C:\Windows\System32\rasadhlp.dll
0x00007ff8a3490000 - 0x00007ff8a3509000 	C:\WINDOWS\System32\fwpuclnt.dll
0x0000000076570000 - 0x0000000076581000 	C:\Program Files\Java\jre1.8.0_161\bin\nio.dll
0x00007ff8b26d0000 - 0x00007ff8b2703000 	C:\WINDOWS\system32\rsaenh.dll
0x00007ff8b3440000 - 0x00007ff8b3468000 	C:\WINDOWS\SYSTEM32\USERENV.dll
0x00007ff8b2ee0000 - 0x00007ff8b2eec000 	C:\WINDOWS\SYSTEM32\CRYPTBASE.dll
0x00007ff8abfa0000 - 0x00007ff8abfb6000 	C:\WINDOWS\SYSTEM32\dhcpcsvc6.DLL
0x00007ff8abf80000 - 0x00007ff8abf9c000 	C:\WINDOWS\SYSTEM32\dhcpcsvc.DLL

VM Arguments:
jvm_args: -Dfile.encoding=UTF-8 
java_command: com.bhupesh.cricapi.CricapiApplication
java_class_path (initial): C:\Users\BhupeshBothra\Desktop\HTMLCSS\Website\CricAPI\cricapi\target\classes;C:\Users\BhupeshBothra\.m2\repository\org\springframework\boot\spring-boot-starter-actuator\2.1.7.RELEASE\spring-boot-starter-actuator-2.1.7.RELEASE.jar;C:\Users\BhupeshBothra\.m2\repository\org\springframework\boot\spring-boot-starter\2.1.7.RELEASE\spring-boot-starter-2.1.7.RELEASE.jar;C:\Users\BhupeshBothra\.m2\repository\org\springframework\boot\spring-boot\2.1.7.RELEASE\spring-boot-2.1.7.RELEASE.jar;C:\Users\BhupeshBothra\.m2\repository\org\springframework\boot\spring-boot-autoconfigure\2.1.7.RELEASE\spring-boot-autoconfigure-2.1.7.RELEASE.jar;C:\Users\BhupeshBothra\.m2\repository\org\springframework\boot\spring-boot-starter-logging\2.1.7.RELEASE\spring-boot-starter-logging-2.1.7.RELEASE.jar;C:\Users\BhupeshBothra\.m2\repository\ch\qos\logback\logback-classic\1.2.3\logback-classic-1.2.3.jar;C:\Users\BhupeshBothra\.m2\repository\ch\qos\logback\logback-core\1.2.3\logback-core-1.2.3.jar;C:\Users\BhupeshBothra\.m2\repository\org\apache\logging\log4j\log4j-to-slf4j\2.11.2\log4j-to-slf4j-2.11.2.jar;C:\Users\BhupeshBothra\.m2\repository\org\apache\logging\log4j\log4j-api\2.11.2\log4j-api-2.11.2.jar;C:\Users\BhupeshBothra\.m2\repository\org\slf4j\jul-to-slf4j\1.7.26\jul-to-slf4j-1.7.26.jar;C:\Users\BhupeshBothra\.m2\repository\javax\annotation\javax.annotation-api\1.3.2\javax.annotation-api-1.3.2.jar;C:\Users\BhupeshBothra\.m2\repository\org\yaml\snakeyaml\1.23\snakeyaml-1.23.jar;C:\Users\BhupeshBothra\.m2\repository\org\springframework\boot\spring-boot-actuator-autoconfigure\2.1.7.RELEASE\spring-boot-actuator-autoconfigure-2.1.7.RELEASE.jar;C:\Users\BhupeshBothra\.m2\repository\org\springframework\boot\spring-boot-actuator\2.1.7.RELEASE\spring-boot-actuator-2.1.7.RELEASE.jar;C:\Users\BhupeshBothra\.m2\repository\org\springframework\spring-context\5.1.9.RELEASE\spring-context-5.1.9.RELEASE.jar;C:\Users\BhupeshBothra\.m2\repository\com\fasterxml\jackson\datatype\jac
Launcher Type: SUN_STANDARD

Environment Variables:
JAVA_HOME=C:\Program Files\Java\jdk1.8.0_161
JRE_HOME=C:\Program Files\Java\jdk1.8.0_161
CLASSPATH=C:\Program Files\Java\jdk1.8.0_144\bin;C:\Software\apache-maven-3.5.2\bin;C:\Software\gradle-4.3\bin;C:\Software\apache-ant-1.10.1\bin;
PATH=C:\Program Files (x86)\Common Files\Oracle\Java\javapath;C:\ProgramData\DockerDesktop\version-bin;C:\Program Files\Docker\Docker\Resources\bin;C:\Program Files\Docker\Docker\resources\bin;C:\app\BhupeshBothra\product\12.1.0\client_2;C:\app\BhupeshBothra\product\12.1.0\client_1;C:\ProgramData\Oracle\Java\javapath;C:\Program Files\Intel\iCLS Client\;C:\WINDOWS\system32;C:\WINDOWS;C:\WINDOWS\System32\Wbem;C:\WINDOWS\System32\WindowsPowerShell\v1.0\;C:\Program Files (x86)\PDFtk\bin\;C:\Program Files\Java\jdk1.8.0_144\bin;C:\Software\apache-maven-3.5.2\bin;C:\Software\gradle-4.3\bin;C:\Program Files\Git\cmd;C:\Software\apache-ant-1.10.1\bin;C:\PostgreSQL\pg10\bin;C:\Program Files (x86)\Sennheiser\SoftphoneSDK\;C:\Program Files\Microsoft VS Code\bin;C:\WINDOWS\System32\OpenSSH\;C:\Program Files\nodejs\;C:\Program Files\IBM\Cloud\bin;;C:\Program Files\Cloud Foundry;C:\Program Files\Intel\WiFi\bin\;C:\Program Files\Common Files\Intel\WirelessCommon\;C:\Program Files (x86)\Intel\Intel(R) Management Engine Components\DAL;C:\Program Files\Intel\Intel(R) Management Engine Components\DAL;C:\Program Files (x86)\Brackets\command;C:\Program Files\Java\jdk1.8.0_144\bin;C:\Software\apache-ant-1.10.1\bin;C:\Users\BhupeshBothra\AppData\Local\Microsoft\WindowsApps;C:\Users\BhupeshBothra\AppData\Local\Programs\Fiddler;C:\Go\bin;C:\Program Files\MongoDB\Server\3.6\bin;C:\Software\apache-activemq-5.15.3-bin\apache-activemq-5.15.3\bin\win64;C:\Software\apache-maven-3.5.2\bin;C:\Users\BhupeshBothra\AppData\Roaming\npm;C:\Program Files\Docker\Docker\resources\bin;C:\Program Files\Intel\WiFi\bin\;C:\Program Files\Common Files\Intel\WirelessCommon\
USERNAME=03779D744
OS=Windows_NT
PROCESSOR_IDENTIFIER=Intel64 Family 6 Model 142 Stepping 9, GenuineIntel



---------------  S Y S T E M  ---------------

OS: Windows 10.0 , 64 bit Build 17763 (10.0.17763.475)

CPU:total 4 (initial active 4) (2 cores per cpu, 2 threads per core) family 6 model 142 stepping 9, cmov, cx8, fxsr, mmx, sse, sse2, sse3, ssse3, sse4.1, sse4.2, popcnt, avx, avx2, aes, clmul, erms, rtm, 3dnowpref, lzcnt, ht, tsc, tscinvbit, bmi1, bmi2, adx

Memory: 4k page, physical 8223716k(790624k free), swap 10168292k(4304k free)

vm_info: Java HotSpot(TM) 64-Bit Server VM (25.161-b12) for windows-amd64 JRE (1.8.0_161-b12), built on Dec 19 2017 17:52:25 by "java_re" with MS VC++ 10.0 (VS2010)

time: Thu Aug 08 15:03:24 2019
elapsed time: 5 seconds (0d 0h 0m 5s)

